C51 COMPILER V9.57.0.0   MAIN                                                              10/31/2018 23:39:37 PAGE 1   


C51 COMPILER V9.57.0.0, COMPILATION OF MODULE MAIN
OBJECT MODULE PLACED IN .\Objects\main.obj
COMPILER INVOKED BY: D:\mdk5\C51\BIN\C51.EXE main.c OPTIMIZE(8,SPEED) BROWSE DEBUG OBJECTEXTEND PRINT(.\Listings\main.ls
                    -t) TABS(2) OBJECT(.\Objects\main.obj)

line level    source

   1          #include "1602.h"
   2          #include "uart.h"
   3          #include "stc12_adc.h"
   4          #include <string.h>
   5          
   6          #define Length 24
   7          unsigned char Sensor_Result[Length]={0}, Carbon_Dio, Host_Buff[7]={0};
   8          bit Sensor_Flag, Host_Flag, WY_Flag;
   9          unsigned int Illumination, Temperature, Humidity, Water, Fertilizer; //光照, 温度, 湿度
  10          unsigned char BV, C;
  11          
  12          void main()
  13          {
  14   1         int i;
  15   1         InitADC();
  16   1         Uart1Init();
  17   1         Uart2Init();
  18   1         LCD_Init();                 
  19   1         LCD_Write_String(6,0,"Auto");  //7
  20   1         LCD_Write_String(2,0,"W_F");
  21   1         LCD_Write_String(12,0,"W_Y");
  22   1         LCD_Write_Char(3,1,':');
  23   1         LCD_Write_Char(13,1,':');
  24   1         LCD_Write_String(0,2,"Tem:");
  25   1         LCD_Write_String(8,2,"Humi:");
  26   1         LCD_Write_String(0,3,"ill:");
  27   1         LCD_Write_String(8,3,"Carb:");
  28   1         EA = 1;
  29   1         while(1)
  30   1         {
  31   2            if(Sensor_Flag && Sensor_Result[2] == 0x15 && Sensor_Result[11] == 0x45)
  32   2            {
  33   3              Sensor_Flag = 0;
  34   3              Illumination = (((unsigned int)Sensor_Result[6] << 8) | Sensor_Result[7])/100;
  35   3              Temperature = (((unsigned int)Sensor_Result[13] << 8) | Sensor_Result[14])/100;
  36   3              Humidity = (((unsigned int)Sensor_Result[19] << 8) | Sensor_Result[20])/100;
  37   3              Carbon_Dio = GetADCResult();
  38   3              UART1_SendData(Temperature);
  39   3              UART1_SendData(Humidity);
  40   3              UART1_SendData(Illumination);
  41   3              UART1_SendData(Carbon_Dio);
  42   3              for(i = 0; i < Length; i++)
  43   3                  Sensor_Result[i] = 0;
  44   3              LCD_Write_Num(4,2,Temperature);
  45   3              LCD_Write_Num(13,2,Humidity);
  46   3              LCD_Write_Num(4,3,Illumination);
  47   3              LCD_Write_Num(13,3,Carbon_Dio);
  48   3            }
  49   2            if(Host_Flag)
  50   2            {
  51   3              if(BV-2 == 2)
  52   3              {
  53   4                Water = ((Host_Buff[1] - 0x30) * 10) + (Host_Buff[2] - 0x30);
  54   4                LCD_Write_Char(1,1,Water/10 + 0x30);  
C51 COMPILER V9.57.0.0   MAIN                                                              10/31/2018 23:39:37 PAGE 2   

  55   4                LCD_Write_Char(2,1,Water%10 + 0x30);            
  56   4              }
  57   3              else
  58   3              {
  59   4                Water = Host_Buff[1] - 0x30;
  60   4                LCD_Write_Char(1,1,' ');  
  61   4                LCD_Write_Char(2,1,Water%10 + 0x30);          
  62   4              }
  63   3            switch (C-BV-1)
  64   3            {
  65   4              case 1:
  66   4                Fertilizer = Host_Buff[BV] - 0x30;  
  67   4                LCD_Write_Char(4,1,' ');  
  68   4                LCD_Write_Char(5,1,Fertilizer%10 + 0x30); 
  69   4                break;
  70   4              case 2:
  71   4                Fertilizer = ((Host_Buff[BV] - 0x30) * 10) + (Host_Buff[BV+1] - 0x30);        
  72   4                LCD_Write_Char(4,1,Fertilizer/10 + 0x30); 
  73   4                LCD_Write_Char(5,1,Fertilizer%10 + 0x30);
  74   4                break;
  75   4              default:
  76   4                break;
  77   4            }
  78   3              for(i = 0; i < 7; i++)
  79   3                  Host_Buff[i] = 0;       
  80   3              Host_Flag = BV = C = 0;
  81   3            }
  82   2            if(WY_Flag)
  83   2            {
  84   3              if(BV-2 == 2)
  85   3              {
  86   4                Water = ((Host_Buff[1] - 0x30) * 10) + (Host_Buff[2] - 0x30);
  87   4                LCD_Write_Char(11,1,Water/10 + 0x30); 
  88   4                LCD_Write_Char(12,1,Water%10 + 0x30);           
  89   4              }
  90   3              else
  91   3              {
  92   4                Water = Host_Buff[1] - 0x30;
  93   4                LCD_Write_Char(11,1,' '); 
  94   4                LCD_Write_Char(12,1,Water%10 + 0x30);         
  95   4              }
  96   3              switch (C-BV-1)
  97   3              {
  98   4                case 1:
  99   4                  Fertilizer = Host_Buff[BV] - 0x30;  
 100   4                  LCD_Write_Char(14,1,' '); 
 101   4                  LCD_Write_Char(15,1,Fertilizer%10 + 0x30);  
 102   4                  break;
 103   4                case 2:
 104   4                  Fertilizer = ((Host_Buff[BV] - 0x30) * 10) + (Host_Buff[BV+1] - 0x30);        
 105   4                  LCD_Write_Char(14,1,Fertilizer/10 + 0x30);  
 106   4                  LCD_Write_Char(15,1,Fertilizer%10 + 0x30);
 107   4                  break;
 108   4                default:
 109   4                  break;
 110   4              }
 111   3              for(i = 0; i < 7; i++)
 112   3                  Host_Buff[i] = 0;       
 113   3              WY_Flag = BV = C = 0;
 114   3            }                 
 115   2         }
 116   1      }
C51 COMPILER V9.57.0.0   MAIN                                                              10/31/2018 23:39:37 PAGE 3   

 117          
 118          /*******************************************************************************
 119          * 函数名 : Uart1 
 120          * 描述   : 串口1中断服务入口函数
 121          * 输入   : 
 122          * 输出   : 
 123          * 返回   : 
 124          * 注意   : 
 125          *******************************************************************************/
 126          void Uart1() interrupt 4
 127          {
 128   1          static unsigned char First_Int = 0, temp;
 129   1          if (RI)
 130   1          {
 131   2              RI = 0;                 //清除RI位
 132   2              temp = SBUF;
 133   2              if(temp == 'A' || Host_Buff[0]== 'A')
 134   2              {
 135   3                 Host_Buff[First_Int++] = temp;
 136   3                 if(temp == 'B')
 137   3                    BV = First_Int;
 138   3                 else if(temp == 'C')
 139   3                 {
 140   4                    C = First_Int;
 141   4                    Host_Flag = 1;
 142   4                    First_Int = 0;
 143   4                 }              
 144   3              }
 145   2              else if(temp == 'D' || Host_Buff[0]== 'D')
 146   2              {
 147   3                 Host_Buff[First_Int++] = temp;
 148   3                 if(temp == 'E')
 149   3                    BV = First_Int;
 150   3                 else if(temp == 'F')
 151   3                 {
 152   4                    C = First_Int;
 153   4                    WY_Flag = 1;
 154   4                    First_Int = 0;
 155   4                 }          
 156   3              }
 157   2              else if(temp == 'M')
 158   2                 LCD_Write_String(6,0,"Manu");
 159   2              else if(temp == 'N')
 160   2                 LCD_Write_String(6,0,"Auto");
 161   2          }
 162   1          if (TI)
 163   1          {
 164   2              TI = 0;                 //清除TI位
 165   2          }
 166   1      }
 167          
 168          /*******************************************************************************
 169          * 函数名 : Uart2
 170          * 描述   : 串口2中断服务入口函数
 171          * 输入   : 
 172          * 输出   : 
 173          * 返回   : 
 174          * 注意   : 
 175          *******************************************************************************/
 176          void Uart2() interrupt 8
 177          {
 178   1          static unsigned char First_Int = 0;
C51 COMPILER V9.57.0.0   MAIN                                                              10/31/2018 23:39:37 PAGE 4   

 179   1          IE2  &= ~0x01;   //关闭串口2中断
 180   1          if (S2CON & S2RI)
 181   1          {
 182   2            S2CON &= ~S2RI;         //清除S2RI位
 183   2            Sensor_Result[First_Int] = S2BUF;     //将接收到的字符串存到缓存中
 184   2            First_Int++;
 185   2            if(First_Int == Length)  //如果缓存满,将缓存指针指向缓存的首地址
 186   2            {
 187   3              First_Int = 0;
 188   3              Sensor_Flag = 1;
 189   3            }
 190   2          }
 191   1          if (S2CON & S2TI)
 192   1          {
 193   2            S2CON &= ~S2TI;         //清除S2TI位
 194   2          }
 195   1          IE2  |= 0x01;   //使能串口2中断
 196   1      }


MODULE INFORMATION:   STATIC OVERLAYABLE
   CODE SIZE        =   1044    ----
   CONSTANT SIZE    =     40    ----
   XDATA SIZE       =   ----    ----
   PDATA SIZE       =   ----    ----
   DATA SIZE        =     47       2
   IDATA SIZE       =   ----    ----
   BIT SIZE         =      3    ----
END OF MODULE INFORMATION.


C51 COMPILATION COMPLETE.  0 WARNING(S),  0 ERROR(S)
