C51 COMPILER V9.56.0.0   MAIN                                                              12/14/2017 14:50:37 PAGE 1   


C51 COMPILER V9.56.0.0, COMPILATION OF MODULE MAIN
OBJECT MODULE PLACED IN main.OBJ
COMPILER INVOKED BY: C:\Keil_v5\C51\BIN\C51.EXE main.c OPTIMIZE(8,SPEED) BROWSE DEBUG OBJECTEXTEND TABS(2)

line level    source

   1          #include<reg51.h>
   2          #include<stdio.h>
   3          #include<intrins.h>
   4          #include "button.h"
   5          
   6          sbit Motor_A  =  P2^0;
   7          sbit Motor_B  =  P2^1;
   8          sbit Motor_EN =  P2^2;
   9          
  10          static char Pulse = 100;
  11          
  12          void main()
  13          { 
  14   1        unsigned char temp;
  15   1        Motor_A = 1;
  16   1        Motor_B = 0;
  17   1        Motor_EN = 0;
  18   1        TMOD &= 0XF0;
  19   1        TMOD |= 0X02;
  20   1        TH0 = 0XA4;
  21   1        TL0 = 0XA4;
  22   1        EA = 1;
  23   1        ET0 = 1;
  24   1        TR0 = 1;
  25   1        while(1)
  26   1        {
  27   2          temp = Button_Value();
  28   2          switch (temp)
  29   2          {
  30   3            case 1:Pulse -=20;
  31   3                   if(Pulse < 0)
  32   3                      Pulse = 0;               
  33   3                      break;
  34   3            case 2:Pulse +=20;
  35   3                   if(Pulse > 100)
  36   3                      Pulse = 100;                 
  37   3                   break;
  38   3            default:
  39   3                   break;
  40   3          }
  41   2        }
  42   1      
  43   1      }
  44          
  45          void Timer_0(void) interrupt 1
  46          {
  47   1        static unsigned char Count = 0;
  48   1        Count++;
  49   1      
  50   1        if(Count > 100)
  51   1           Count = 0;
  52   1        if(Count <= Pulse)
  53   1          Motor_EN = 0;
  54   1        else
  55   1          Motor_EN = 1;
C51 COMPILER V9.56.0.0   MAIN                                                              12/14/2017 14:50:37 PAGE 2   

  56   1      }


MODULE INFORMATION:   STATIC OVERLAYABLE
   CODE SIZE        =    133    ----
   CONSTANT SIZE    =   ----    ----
   XDATA SIZE       =   ----    ----
   PDATA SIZE       =   ----    ----
   DATA SIZE        =      2    ----
   IDATA SIZE       =   ----    ----
   BIT SIZE         =   ----    ----
END OF MODULE INFORMATION.


C51 COMPILATION COMPLETE.  0 WARNING(S),  0 ERROR(S)
