C51 COMPILER V9.57.0.0   MAIN                                                              05/25/2018 14:04:04 PAGE 1   


C51 COMPILER V9.57.0.0, COMPILATION OF MODULE MAIN
OBJECT MODULE PLACED IN main.OBJ
COMPILER INVOKED BY: D:\mdk\C51\BIN\C51.EXE main.c OPTIMIZE(8,SPEED) BROWSE DEBUG OBJECTEXTEND TABS(2)

line level    source

   1          #include"reg52.h"
   2          #include"intrins.h"
   3          #include"iic.h"
   4          #include"stdio.h"
   5          #include"lcd1602.h"
   6          
   7          #define uchar unsigned char
   8          
   9          sbit in  =P1^0;
  10          sbit out =P1^1;
  11          
  12          bit in_last =1;
  13          bit out_last=1;
  14          
  15          sbit CS  = P1^2; 
  16          sbit CLK = P1^3;
  17          sbit DIO = P1^4;
  18          
  19          
  20          unsigned char lcd[20]={0};
  21          unsigned char dac_out=0;
  22          unsigned char speed_time=0;
  23          
  24          
  25          int set_speed=60; 
  26          unsigned char current=0;
  27          unsigned char light_get=0;
  28          unsigned char current_last=0;
  29          unsigned char current_geding=0;
  30          
  31          int speed_kp=45;
  32          int speed_ki=8;
  33          
  34          int speed_error;
  35          int speed_errorlast;
  36          int speed=0;
  37          
  38          int current_kp=200;
  39          int current_ki=30; 
  40          
  41          int current_error;
  42          int current_errorlast;
  43          
  44          unsigned char Get_ADC(bit ch);
  45          void timer_init();
  46          unsigned char speed_pi();
  47          unsigned char current_pi(int set_current);
  48          
  49          void main()
  50          {
  51   1        ad_send(0x40,255);
  52   1        timer_init();
  53   1        lcdinit();
  54   1      
  55   1        while(1)
C51 COMPILER V9.57.0.0   MAIN                                                              05/25/2018 14:04:04 PAGE 2   

  56   1        {
  57   2          light_get=Get_ADC(0);
  58   2          
  59   2          sprintf(lcd,"speed:%03d",speed);
  60   2          lcd_display_L(lcd);
  61   2          sprintf(lcd,"current:%03d",(int)current);
  62   2          lcd_display_H(lcd);
  63   2        }
  64   1      }
  65          
  66          void timer0_irq() interrupt 1
  67          {
  68   1           TH0=(65535-25000)>>8;
  69   1         TL0= 65535-25000;
  70   1      
  71   1      
  72   1         if(++speed_time==2)
  73   1         {
  74   2             speed_time=0;
  75   2           speed=TH1;
  76   2           speed<<=8;
  77   2           speed=TL1;
  78   2             TH1=0;TL1=0;    
  79   2           current_geding=speed_pi();
  80   2         }
  81   1      
  82   1         current=Get_ADC(0)/2+current_last/2; 
  83   1         current_last=current;
  84   1      
  85   1         dac_out=current_pi(current_geding);
  86   1           ad_send(0x40,255-dac_out);
  87   1      }
  88          
  89          unsigned char current_pi(int set_current) 
  90          {
  91   1          static unsigned long pwm=0; 
  92   1      
  93   1        unsigned char pwm_u8=0;
  94   1        
  95   1        current_error=set_current -(int)current;
  96   1      
  97   1        pwm+=(current_error-current_errorlast)*current_kp+current_error*current_ki;
  98   1      
  99   1        current_errorlast=current_error;
 100   1      
 101   1          if(pwm<0) pwm=0;
 102   1        else if(pwm>65536) pwm=65536;
 103   1      
 104   1          pwm_u8=(unsigned char)(pwm>>8);
 105   1      
 106   1        return pwm_u8;
 107   1      }
 108          
 109          
 110          unsigned char speed_pi()     
 111          {
 112   1          static unsigned long pwm=0; 
 113   1      
 114   1        unsigned char pwm_u8=0;
 115   1        
 116   1        speed_error=set_speed -speed;
 117   1      
C51 COMPILER V9.57.0.0   MAIN                                                              05/25/2018 14:04:04 PAGE 3   

 118   1        pwm+=(speed_error-speed_errorlast)*speed_kp+speed_error*speed_ki;
 119   1      
 120   1        speed_errorlast=speed_error;
 121   1      
 122   1          if(pwm<1) pwm=1;
 123   1        else if(pwm>32767) pwm=32767;
 124   1      
 125   1          pwm_u8=(unsigned char)(pwm>>8);
 126   1      
 127   1        return pwm_u8;
 128   1      }
 129          
 130          
 131          void timer_init()
 132          {
 133   1        TMOD=0x51;
 134   1        TH1=0;
 135   1        TL1=0;
 136   1        EA=1;
 137   1        ET0=1;
 138   1        TH0=(65535-25000)/256;
 139   1        TL0=(65535-25000)%256;
 140   1        TR0=1;
 141   1        TR1=1;
 142   1      }
 143          
 144          
 145          unsigned char Get_ADC(bit ch)
 146          {
 147   1        unsigned char i,dat1 = 0,dat2 = 0;
 148   1        
 149   1        CS = 0; CLK = 0;
 150   1        DIO = 1; _nop_(); _nop_();
 151   1        CLK = 1; _nop_(); _nop_();
 152   1        CLK = 0; DIO = 1; _nop_(); _nop_();
 153   1        CLK = 1;          _nop_(); _nop_();
 154   1        CLK = 0; DIO = ch; _nop_(); _nop_();
 155   1        CLK = 1;          _nop_(); _nop_();
 156   1        CLK = 0; DIO = 1; _nop_(); _nop_();
 157   1      
 158   1        for(i = 0; i < 8; i++)
 159   1        {
 160   2          CLK = 1; _nop_(); _nop_();
 161   2          CLK = 0; _nop_(); _nop_();
 162   2          dat1 = (dat1 << 1)|DIO;
 163   2        }
 164   1        
 165   1        for(i = 0; i < 8; i++)
 166   1        {
 167   2          dat2 = dat2|((unsigned char)DIO<<i);
 168   2          CLK = 1; _nop_(); _nop_();
 169   2          CLK = 0; _nop_(); _nop_();
 170   2        }
 171   1        CS = 1;
 172   1        
 173   1        return dat1;
 174   1      }


MODULE INFORMATION:   STATIC OVERLAYABLE
   CODE SIZE        =    674    ----
   CONSTANT SIZE    =     24    ----
C51 COMPILER V9.57.0.0   MAIN                                                              05/25/2018 14:04:04 PAGE 4   

   XDATA SIZE       =   ----    ----
   PDATA SIZE       =   ----    ----
   DATA SIZE        =     54       2
   IDATA SIZE       =   ----    ----
   BIT SIZE         =      2       1
END OF MODULE INFORMATION.


C51 COMPILATION COMPLETE.  0 WARNING(S),  0 ERROR(S)
