C51 COMPILER V9.60.0.0   BUTTON                                                            02/14/2020 13:38:13 PAGE 1   


C51 COMPILER V9.60.0.0, COMPILATION OF MODULE BUTTON
OBJECT MODULE PLACED IN button.OBJ
COMPILER INVOKED BY: D:\software install\Keil_C51\C51\BIN\C51.EXE button.c OPTIMIZE(8,SPEED) BROWSE DEBUG OBJECTEXTEND T
                    -ABS(2)

line level    source

   1          #include "button.h"
   2          #include "delay.h"
   3          
   4          uint8_t Button_Value(void)
   5          {
   6   1        static uint8_t key_up=1;  
   7   1        if(key_up&&((KEY2==0)||(KEY3==0)))
   8   1        {
   9   2          Delay1ms(2);
  10   2          key_up=0;
  11   2          if(KEY2==0)
  12   2            return 1;
  13   2          else if(KEY3==0)
  14   2            return 2;
  15   2        }
  16   1        else if((KEY2==1)&&(KEY3==1))
  17   1              key_up=1;       
  18   1        return 0;
  19   1      }


MODULE INFORMATION:   STATIC OVERLAYABLE
   CODE SIZE        =     44    ----
   CONSTANT SIZE    =   ----    ----
   XDATA SIZE       =   ----    ----
   PDATA SIZE       =   ----    ----
   DATA SIZE        =      1    ----
   IDATA SIZE       =   ----    ----
   BIT SIZE         =   ----    ----
END OF MODULE INFORMATION.


C51 COMPILATION COMPLETE.  0 WARNING(S),  0 ERROR(S)
