C51 COMPILER V9.57.0.0   MAIN                                                              05/07/2019 14:21:30 PAGE 1   


C51 COMPILER V9.57.0.0, COMPILATION OF MODULE MAIN
OBJECT MODULE PLACED IN .\Objects\main.obj
COMPILER INVOKED BY: D:\mdk\C51\BIN\C51.EXE main.c OPTIMIZE(8,SPEED) BROWSE DEBUG OBJECTEXTEND PRINT(.\Listings\main.lst
                    -) TABS(2) OBJECT(.\Objects\main.obj)

line level    source

   1          #include<reg51.h>
   2          #include "delay.h"
   3          
   4          sbit ADDR3 = P1^3;
   5          sbit ENLED = P1^4;
   6          /***********定义全局变量**************/
   7          uint8_t code Duan[]={0xC0, 0xF9, 0xA4, 0xB0, 0x99, 0x92, 0x82, 0xF8,
   8          0x80, 0x90, 0x88, 0x83, 0xC6, 0xA1, 0x86, 0x8E};
   9          
  10          void main(void)
  11          {
  12   1        uint8_t  m=0,n=0;
  13   1        uint32_t i=0,j=0;
  14   1        ADDR3 = 1;
  15   1        ENLED = 0;
  16   1        while(1)
  17   1        {    
  18   2          for(i=0;i<6;i++)
  19   2           {
  20   3             P0=0XFF;
  21   3             P1 &= 0XF8;
  22   3             P1 |= i;
  23   3             P0 = Duan[i];
  24   3             Delay;
  25   3           }
  26   2        }
  27   1      }


MODULE INFORMATION:   STATIC OVERLAYABLE
   CODE SIZE        =     74    ----
   CONSTANT SIZE    =     16    ----
   XDATA SIZE       =   ----    ----
   PDATA SIZE       =   ----    ----
   DATA SIZE        =   ----       6
   IDATA SIZE       =   ----    ----
   BIT SIZE         =   ----    ----
END OF MODULE INFORMATION.


C51 COMPILATION COMPLETE.  0 WARNING(S),  0 ERROR(S)
