C51 COMPILER V9.57.0.0   MAIN                                                              04/04/2018 18:26:38 PAGE 1   


C51 COMPILER V9.57.0.0, COMPILATION OF MODULE MAIN
OBJECT MODULE PLACED IN .\Objects\main.obj
COMPILER INVOKED BY: D:\mdk5\C51\BIN\C51.EXE main.c OPTIMIZE(8,SPEED) BROWSE DEBUG OBJECTEXTEND PRINT(.\Listings\main.ls
                    -t) TABS(2) OBJECT(.\Objects\main.obj)

line level    source

   1          #include <reg51.h>
   2          #include "button.h"
   3          #include "intrins.h"
   4          #include <stdio.h>
   5          #include "delay.h"
   6          const char* String = "Init Suceses! ";
   7          void SerialInit(void);
   8          void SendString(const char* string);
   9          
  10          sbit L_U = P2^0;  //×óÇ°µÆ
  11          sbit L_D = P2^1;  //×óºóµÆ
  12          sbit R_U = P2^2;  //ÓÒÇ°µÆ
  13          sbit R_D = P2^3;  //ÓÒºóµÆ
  14          
  15          void main()
  16          {   
  17   1          int Key_Value = 0,i = 0;
  18   1          SerialInit();
  19   1          SendString(String);
  20   1          Delay1ms(400);
  21   1          String = "Welcome to Lighting Control System !";
  22   1          SendString(String);
  23   1          while(1)
  24   1          {
  25   2           Key_Value = Button_Value();
  26   2           switch (Key_Value)
  27   2                {
  28   3                  case 1:
  29   3                    String = "Turn Left !!!";
  30   3                    SendString(String);
  31   3                    for(i = 0;i < 4;i++)
  32   3                        {
  33   4                          L_U = 0;
  34   4                          L_D = 0;
  35   4                          Delay1ms(300);
  36   4                          L_U = 1;
  37   4                          L_D = 1;
  38   4                          Delay1ms(300);
  39   4                        }
  40   3                    break;
  41   3                  case 2:
  42   3                    String = "Turn Right !!!";
  43   3                    SendString(String);
  44   3                    for(i = 0;i < 4;i++)
  45   3                        {
  46   4                          R_U = 0;
  47   4                          R_D = 0;
  48   4                          Delay1ms(300);
  49   4                          R_U = 1;
  50   4                          R_D = 1;
  51   4                          Delay1ms(300);
  52   4                        }
  53   3                    break;
  54   3                  case 3:
C51 COMPILER V9.57.0.0   MAIN                                                              04/04/2018 18:26:38 PAGE 2   

  55   3                    String = "Break! Break! Break!";
  56   3                    SendString(String);
  57   3                    for(i = 0;i < 4;i++)
  58   3                        {
  59   4                          L_U = 0;
  60   4                          L_D = 0;
  61   4                          R_U = 0;
  62   4                          R_D = 0;
  63   4                          Delay1ms(300);
  64   4                          L_U = 1;
  65   4                          L_D = 1;
  66   4                          R_U = 1;
  67   4                          R_D = 1;
  68   4                          Delay1ms(300);
  69   4                        }
  70   3                    break;
  71   3                  case 4:
  72   3                    String = "Reverse! Reverse! Reverse!";
  73   3                    SendString(String);
  74   3                    L_D = 0;
  75   3                    R_D = 0;
  76   3                    Delay1ms(5000);
  77   3                    L_D = 1;
  78   3                    R_D = 1;
  79   3                    break;
  80   3                  default:
  81   3                    break;
  82   3                }     
  83   2          }
  84   1      }
  85          void SendString(const char* string)
  86          {
  87   1          TI = 1;
  88   1          printf("%s\n",string);
  89   1          while(!TI);
  90   1          TI = 0;
  91   1      }
  92          void SerialInit(void)
  93          {
  94   1          SCON = 0x50;
  95   1          PCON = 0X00;  
  96   1          TMOD = 0x20;            
  97   1          TH1 = TL1 = 0xFD; 
  98   1          TR1 = 1;              
  99   1          ES = 1;              
 100   1          EA = 1;                 
 101   1      }
 102          
 103          void Uart_Isr() interrupt 4 using 1
 104          {
 105   1          if (RI)
 106   1          {
 107   2              RI = 0;             
 108   2          }
 109   1      }
 110          


MODULE INFORMATION:   STATIC OVERLAYABLE
   CODE SIZE        =    347    ----
   CONSTANT SIZE    =    133    ----
   XDATA SIZE       =   ----    ----
C51 COMPILER V9.57.0.0   MAIN                                                              04/04/2018 18:26:38 PAGE 3   

   PDATA SIZE       =   ----    ----
   DATA SIZE        =      3       7
   IDATA SIZE       =   ----    ----
   BIT SIZE         =   ----    ----
END OF MODULE INFORMATION.


C51 COMPILATION COMPLETE.  0 WARNING(S),  0 ERROR(S)
