C51 COMPILER V9.59.0.0   UART                                                              02/03/2019 16:04:22 PAGE 1   


C51 COMPILER V9.59.0.0, COMPILATION OF MODULE UART
OBJECT MODULE PLACED IN ..\Output\uart.obj
COMPILER INVOKED BY: D:\keil C51\C51\BIN\C51.EXE uart.c OPTIMIZE(8,SPEED) BROWSE DEBUG OBJECTEXTEND PRINT(..\Listing\uar
                    -t.lst) TABS(2) OBJECT(..\Output\uart.obj)

line level    source

   1          #include "uart.h"
   2          
   3          //注意：串口1，2都用独立波特率发生器 双方都是
   4          void Uart1Init(void)    //115200bps@11.0592MHz
   5          {
   6   1        PCON &= 0x7F;   //波特率不倍速
   7   1        SCON  = 0x50;   //8位数据，可变波特率
   8   1        AUXR |= 0x04;   //1T模式
   9   1        BRT   = 0xDC;   // 115200 : 0xFD; 9600 : 0xDC
  10   1        AUXR |=0X01;    //串口1选择独立发生器为波特率发生器
  11   1        AUXR |=0X10;    //启动独立波特率发生器
  12   1        ES = 1;         //使能串口1中断
  13   1      }
  14          
  15          void Uart2Init(void)    //115200bps@11.0592MHz
  16          {
  17   1        AUXR &=0XF7;    //波特率不倍速
  18   1        S2CON = 0x50;   //8位数据，可变波特率
  19   1        AUXR |= 0x04;   //1T模式
  20   1        BRT   = 0xDC;   //设置独立波特率发生器重装值
  21   1        AUXR |=0X01;    //串口2选择独立发生器为波特率发生器
  22   1        AUXR |=0X10;    //启动独立波特率发生器
  23   1        IE2  |=0X01;    //使能串口2中断
  24   1      }
  25          
  26          
  27          
  28          /*----------------------------
  29          UART1 发送串口数据
  30          -----------------------------*/
  31          void UART1_SendData(u8 dat)
  32          {
  33   1        ES=0;         //关串口中断
  34   1        SBUF=dat;     
  35   1        while(TI!=1); //等待发送成功
  36   1        TI=0;         //清除发送中断标志
  37   1        ES=1;         //开串口中断
  38   1      }
  39          /*----------------------------
  40          UART1 发送字符串
  41          -----------------------------*/
  42          void UART1_SendString(char *s)
  43          {
  44   1        while(*s)//检测字符串结束符
  45   1        {
  46   2          UART1_SendData(*s++);//发送当前字符
  47   2        }
  48   1      }
  49          
  50          /*----------------------------
  51          UART2 发送串口数据
  52          -----------------------------*/
  53          void UART2_SendData(u8 dat)
  54          {
C51 COMPILER V9.59.0.0   UART                                                              02/03/2019 16:04:22 PAGE 2   

  55   1        IE2 &= ~0x01;         //关串口中断
  56   1        S2BUF=dat;      
  57   1        while((S2CON&S2TI)!=S2TI);  //等待发送成功
  58   1        S2CON &= ~S2TI;         //清除发送中断标志
  59   1        IE2 = 0x01;         //开串口中断
  60   1      }
  61          /*----------------------------
  62          UART2 发送字符串
  63          -----------------------------*/
  64          void UART2_SendString(char *s)
  65          {
  66   1        while(*s)//检测字符串结束符
  67   1        {
  68   2          UART2_SendData(*s++);//发送当前字符
  69   2        }
  70   1      }
  71          


MODULE INFORMATION:   STATIC OVERLAYABLE
   CODE SIZE        =    149    ----
   CONSTANT SIZE    =   ----    ----
   XDATA SIZE       =   ----    ----
   PDATA SIZE       =   ----    ----
   DATA SIZE        =   ----       6
   IDATA SIZE       =   ----    ----
   BIT SIZE         =   ----    ----
END OF MODULE INFORMATION.


C51 COMPILATION COMPLETE.  0 WARNING(S),  0 ERROR(S)
