C51 COMPILER V9.59.0.0   MAIN                                                              05/17/2019 14:57:29 PAGE 1   


C51 COMPILER V9.59.0.0, COMPILATION OF MODULE MAIN
OBJECT MODULE PLACED IN .\Objects\main.obj
COMPILER INVOKED BY: D:\keil C51\C51\BIN\C51.EXE main.c OPTIMIZE(8,SPEED) BROWSE DEBUG OBJECTEXTEND PRINT(.\Listings\mai
                    -n.lst) TABS(2) OBJECT(.\Objects\main.obj)

line level    source

   1          #include <reg51.h>
   2          #include "DS18B20_3.H"
   3          #include "lcd.h"
   4          #include "adc0832.h"
   5          #include "delay.h"
   6          #include "button.h"
   7          
   8          
   9          sbit Beep = P1^7;
  10          sbit Led  = P1^6;
  11          int Hihg_Limit = 500, Temp_Limit = 50;
  12          int temp = 0;
  13          unsigned char adc_value = 0, KEY_VALUE = 0;
  14          float high = 0;
  15          void Timer0_Iint(void);
  16          
  17          void main(void)
  18          {
  19   1        unsigned char i = 0;
  20   1        Timer0_Iint();
  21   1        LcdInit();
  22   1        temp = ReadTemperature();
  23   1        Delay1ms(1000);
  24   1        Show_String(0x80,"Temp:");
  25   1        Show_String(0xc0,"High:");
  26   1        Show_Dec_Number(0x8D,Temp_Limit);
  27   1        Show_Dec_Number(0xCC,Hihg_Limit);
  28   1        EA = 1;
  29   1        while(1)
  30   1        {
  31   2           if(KEY1 == 0)
  32   2           {
  33   3              if(KEY1 == 0)
  34   3              {
  35   4                TR0 = 0;
  36   4                i++;
  37   4                if(i == 3)
  38   4                  i = 1;
  39   4                while(!KEY1);
  40   4                if(i == 1)
  41   4                {
  42   5                  LcdWriteCom(0x8d);
  43   5                  LcdWriteCom(0x0f);              
  44   5                }
  45   4                else
  46   4                  LcdWriteCom(0xcc);
  47   4              }
  48   3           }
  49   2           if(KEY4 == 0)
  50   2           {
  51   3              if(KEY4 == 0)
  52   3              {
  53   4                while(!KEY4);
  54   4                TR0 = 1;
C51 COMPILER V9.59.0.0   MAIN                                                              05/17/2019 14:57:29 PAGE 2   

  55   4                LcdWriteCom(0x0c);          
  56   4              }
  57   3           }     
  58   2           if(KEY2 == 0)
  59   2           {
  60   3              if(KEY2 == 0)
  61   3              {
  62   4                while(!KEY2);
  63   4                if(i == 1)
  64   4                {
  65   5                  Temp_Limit = Temp_Limit + 3;
  66   5                  if(Temp_Limit >= 128)
  67   5                    Temp_Limit = 128;
  68   5                  Show_Dec_Number(0x8D,Temp_Limit);
  69   5                  LcdWriteCom(0x8d);
  70   5                }
  71   4                else if(i == 2)
  72   4                {
  73   5                  Hihg_Limit = Hihg_Limit + 50;
  74   5                  if(Hihg_Limit >= 999)
  75   5                    Hihg_Limit = 999;
  76   5                  Show_Dec_Number(0xcc,Hihg_Limit);
  77   5                  LcdWriteCom(0xcc);            
  78   5                }
  79   4              }
  80   3           }
  81   2           if(KEY3 == 0)
  82   2           {
  83   3              if(KEY3 == 0)
  84   3              {
  85   4                while(!KEY3);
  86   4                if(i == 1)
  87   4                {
  88   5                  Temp_Limit = Temp_Limit - 3;
  89   5                  if(Temp_Limit <= 0)
  90   5                    Temp_Limit = 0;
  91   5                  Show_Dec_Number(0x8D,Temp_Limit);
  92   5                  LcdWriteCom(0x8d);
  93   5                }
  94   4                else if(i == 2)
  95   4                {
  96   5                  Hihg_Limit = Hihg_Limit - 50;
  97   5                  if(Hihg_Limit <= 0)
  98   5                    Hihg_Limit = 0;
  99   5                  Show_Dec_Number(0xcc,Hihg_Limit);
 100   5                  LcdWriteCom(0xcc);            
 101   5                }
 102   4              }
 103   3           }
 104   2        }
 105   1      }
 106          
 107          void timer0(void) interrupt 1
 108          {
 109   1        static unsigned char i = 0;
 110   1        TH0 = 0X3C;
 111   1        TL0 = 0XB0;
 112   1        i++;
 113   1        if(i == 10)
 114   1        {
 115   2          i = 0;
 116   2          temp = ReadTemperature();
C51 COMPILER V9.59.0.0   MAIN                                                              05/17/2019 14:57:29 PAGE 3   

 117   2          Show_Dec_Number(0x85,temp);
 118   2          adc_value = Adc0832_Getvalue(0);
 119   2          high = adc_value/255.0*10.0;
 120   2          Show_Dec_Number(0xc5,high*100);
 121   2          if(temp >= Temp_Limit)
 122   2            Led = 0;
 123   2          else
 124   2            Led = 1;
 125   2          if(high*100 >= Hihg_Limit)
 126   2            Beep = 0;
 127   2          else
 128   2            Beep = 1;
 129   2        }
 130   1      }
 131          
 132          void Timer0_Iint(void)
 133          {
 134   1        TMOD &= 0XF0;
 135   1        TMOD |= 0X01;
 136   1        ET0 = 1;
 137   1        TR0 = 1;
 138   1        TH0 = 0X3C;
 139   1        TL0 = 0XB0;
 140   1        EA = 0;
 141   1      }


MODULE INFORMATION:   STATIC OVERLAYABLE
   CODE SIZE        =    928    ----
   CONSTANT SIZE    =     12    ----
   XDATA SIZE       =   ----    ----
   PDATA SIZE       =   ----    ----
   DATA SIZE        =     13      11
   IDATA SIZE       =   ----    ----
   BIT SIZE         =   ----    ----
END OF MODULE INFORMATION.


C51 COMPILATION COMPLETE.  0 WARNING(S),  0 ERROR(S)
