C51 COMPILER V9.57.0.0   MAIN                                                              05/25/2018 18:59:13 PAGE 1   


C51 COMPILER V9.57.0.0, COMPILATION OF MODULE MAIN
OBJECT MODULE PLACED IN .\Objects\main.obj
COMPILER INVOKED BY: D:\mdk\C51\BIN\C51.EXE main.c OPTIMIZE(8,SPEED) BROWSE DEBUG OBJECTEXTEND PRINT(.\Listings\main.lst
                    -) TABS(2) OBJECT(.\Objects\main.obj)

line level    source

   1          #include<stdlib.h>
   2          #include<reg51.h>
   3          
   4          #define uchar unsigned char
   5          int longitude,latitude;
   6          
   7          void Uart_Init(void);
   8          void Send_Byte(uchar dat);
   9          
  10          void main()
  11          {
  12   1        TMOD &= 0Xf0;
  13   1        TMOD |= 0X01;
  14   1        TL0 = 0XB0;
  15   1        TH0 = 0X3C;
  16   1        ET0 = 1;
  17   1        TR0 = 1;
  18   1        Uart_Init(); 
  19   1        for(;;);  
  20   1      }
  21          
  22          void Uart_Init(void)         
  23          {
  24   1        TMOD &= 0X0f;
  25   1        TMOD |= 0X20;
  26   1        TH1 = 0xfd;
  27   1        TL1=TH1;
  28   1        TR1=1;
  29   1        PCON=0;
  30   1        SCON=0X50;
  31   1        EA = 1;
  32   1        ES = 1;
  33   1      }
  34          void Send_Byte(uchar dat)  
  35          {
  36   1        SBUF=dat;
  37   1        while(!TI);
  38   1        TI=0;
  39   1      }
  40          
  41          void Timer_0(void) interrupt 1
  42          {
  43   1        static unsigned char i;
  44   1        
  45   1        TL0 = 0XB0;
  46   1        TH0 = 0X3C;
  47   1        i++;
  48   1        if(i == 20)
  49   1        {
  50   2          i = 0;
  51   2          longitude = rand()%(180-0+1)+1;
  52   2          latitude = rand()%(90-0+1)+1;
  53   2          Send_Byte(longitude);
  54   2          Send_Byte(latitude);
C51 COMPILER V9.57.0.0   MAIN                                                              05/25/2018 18:59:13 PAGE 2   

  55   2        }
  56   1      }


MODULE INFORMATION:   STATIC OVERLAYABLE
   CODE SIZE        =    174    ----
   CONSTANT SIZE    =   ----    ----
   XDATA SIZE       =   ----    ----
   PDATA SIZE       =   ----    ----
   DATA SIZE        =      5    ----
   IDATA SIZE       =   ----    ----
   BIT SIZE         =   ----    ----
END OF MODULE INFORMATION.


C51 COMPILATION COMPLETE.  0 WARNING(S),  0 ERROR(S)
