C51 COMPILER V9.60.0.0   MAIN                                                              03/20/2020 17:28:14 PAGE 1   


C51 COMPILER V9.60.0.0, COMPILATION OF MODULE MAIN
OBJECT MODULE PLACED IN .\Objects\main.obj
COMPILER INVOKED BY: D:\software install\Keil_C51\C51\BIN\C51.EXE main.c OPTIMIZE(8,SPEED) BROWSE DEBUG OBJECTEXTEND PRI
                    -NT(.\Listings\main.lst) TABS(2) OBJECT(.\Objects\main.obj)

line level    source

   1          #include <reg51.h>
   2          #include "uart.h"
   3          #include "delay.h"
   4          #include "lcd.h"
   5          
   6          sbit Rs485_R_W = P3^7;
   7          /*************************本地程序定义变量*****************************/
   8          #define Buf2_Max 30                    // 串口接收最大长度
   9          bit Rec_Flag;                           // 串口帧数据接收完成标志
  10          unsigned char Rec_Len = 0;              // 串口接收数据长度
  11          unsigned char Rec_Buff[Buf2_Max]; // 串口接收数据缓冲区
  12          unsigned char Send_Buff[7] = {0x00,0x03,0x01,0x00,0x01,0x00,0x00};
  13          void CLR_Buf2(void);
  14          /*********************************************************************/
  15          
  16          void main(void)
  17          {
  18   1        unsigned int Crc_Result = 0;
  19   1        LcdInit();  
  20   1        Timer1Init();
  21   1        SerialInit();
  22   1        Rs485_R_W = 1;  // 1代表写，0代表读
  23   1        Delay1ms(10);
  24   1        EA = 1;
  25   1        while(1)
  26   1        {
  27   2          Send_Buff[0]++;
  28   2          if(Send_Buff[0] == 3)
  29   2            Send_Buff[0] = 1;
  30   2          Crc_Result = factory_crc16(Send_Buff, 5);
  31   2          Send_Buff[5] = Crc_Result>>8;
  32   2          Send_Buff[6] = Crc_Result&0xff;
  33   2          Rs485_R_W = 1;
  34   2          SendBuff(Send_Buff, 7);
  35   2          Delay1ms(10);
  36   2          Rs485_R_W = 0;
  37   2          Delay1ms(900);
  38   2        }
  39   1      }
  40          
  41          void Uart() interrupt 4
  42          {
  43   1          ES = 0;   //关闭串口2中断
  44   1          if (RI)
  45   1          {
  46   2            RI =  0;                        //清除S2RI位
  47   2            ET1 = 0;                        //关闭定时器1中断
  48   2            Rec_Buff[Rec_Len] = SBUF;       //将接收到的字符串存到缓存中
  49   2            Rec_Len++;                      //缓存指针向后移动
  50   2            if(Rec_Len > Buf2_Max)          //如果缓存满,将缓存指针指向缓存的首地址
  51   2            {
  52   3              Rec_Len = 0;
  53   3            }
  54   2            TL0 = 0x00;   //设置定时初值
C51 COMPILER V9.60.0.0   MAIN                                                              03/20/2020 17:28:14 PAGE 2   

  55   2            TH0 = 0xDC;   //设置定时初值
  56   2            ET0 = 1;      //打开定时器1中断     
  57   2          }
  58   1          ES = 1;   //使能串口2中断
  59   1      }
  60          
  61          void Timer1() interrupt 1
  62          {
  63   1          static unsigned char i = 0;
  64   1          TL0 = 0x00;   //设置定时初值
  65   1          TH0 = 0xDC;   //设置定时初值
  66   1          i++;
  67   1          if(i == 10)
  68   1          {
  69   2            Rec_Flag = 1;
  70   2            ET0 = 0;  
  71   2            i = 0;    
  72   2          }
  73   1          if(Rec_Flag)
  74   1          {
  75   2            Rec_Flag = 0;
  76   2            
  77   2            CLR_Buf2();
  78   2          }
  79   1      }
  80          
  81          void CLR_Buf2(void)
  82          {
  83   1          unsigned int k;
  84   1          for(k = 0;k < Buf2_Max; k++)      //将缓存内容清零
  85   1          {
  86   2            Rec_Buff[k] = 0x00;
  87   2          }
  88   1          Rec_Len = 0;              //接收字符串的起始存储位置
  89   1      }


MODULE INFORMATION:   STATIC OVERLAYABLE
   CODE SIZE        =    246    ----
   CONSTANT SIZE    =   ----    ----
   XDATA SIZE       =   ----    ----
   PDATA SIZE       =   ----    ----
   DATA SIZE        =     39       2
   IDATA SIZE       =   ----    ----
   BIT SIZE         =      1    ----
END OF MODULE INFORMATION.


C51 COMPILATION COMPLETE.  0 WARNING(S),  0 ERROR(S)
