C51 COMPILER V9.60.0.0   UART                                                              03/20/2020 17:28:14 PAGE 1   


C51 COMPILER V9.60.0.0, COMPILATION OF MODULE UART
OBJECT MODULE PLACED IN .\Objects\uart.obj
COMPILER INVOKED BY: D:\software install\Keil_C51\C51\BIN\C51.EXE uart.c OPTIMIZE(8,SPEED) BROWSE DEBUG OBJECTEXTEND PRI
                    -NT(.\Listings\uart.lst) TABS(2) OBJECT(.\Objects\uart.obj)

line level    source

   1          #include "uart.h"
   2          
   3          void SerialInit(void)
   4          {
   5   1        TMOD &= 0X0F;
   6   1        TMOD |= 0X20;
   7   1        PCON = 0X00;
   8   1        SCON = 0X50;
   9   1        TH1 =  0XFD;
  10   1        TL1 =  0XFD;
  11   1        TR1 = 1;
  12   1        ES = 1;
  13   1      }
  14          
  15          void Timer1Init(void)   //10毫秒@11.0592MHz
  16          {
  17   1          TMOD &= 0xF0;   //设置定时器模式
  18   1          TMOD |= 0x01;   //设置定时器模式
  19   1          TL0 = 0x00;     //设置定时初值
  20   1          TH0 = 0xDC;     //设置定时初值
  21   1          TF0 = 0;        //清除TF1标志
  22   1          TR0 = 1;        //定时器1开始计时
  23   1      }
  24          
  25          void SendByte(unsigned char temp)
  26          {
  27   1        SBUF = temp;
  28   1        while(!TI);
  29   1        TI = 0;
  30   1      }
  31          
  32          void SendBuff(unsigned char *temp, unsigned char length)
  33          {
  34   1        unsigned char i = 0;
  35   1        for(i = 0; i < length; i++)
  36   1        {
  37   2          SendByte(temp[i]);
  38   2        }
  39   1      }
  40          
  41          unsigned int factory_crc16( unsigned char *bufData, unsigned char buflen)
  42          
  43          {
  44   1        unsigned int TCPCRC = 0xffff;
  45   1        unsigned int POLYNOMIAL = 0xa001;
  46   1        unsigned char i, j;
  47   1        for (i = 0; i < buflen; i++)
  48   1        {
  49   2            TCPCRC ^= bufData[i];
  50   2            for (j = 0; j < 8; j++)
  51   2            {
  52   3                if ((TCPCRC & 0x0001) != 0)
  53   3      
  54   3                {
C51 COMPILER V9.60.0.0   UART                                                              03/20/2020 17:28:14 PAGE 2   

  55   4                    TCPCRC >>= 1;
  56   4                    TCPCRC ^= POLYNOMIAL;
  57   4                }
  58   3                else
  59   3                   TCPCRC >>= 1;
  60   3            }
  61   2        }
  62   1        return TCPCRC;
  63   1      }
  64          


MODULE INFORMATION:   STATIC OVERLAYABLE
   CODE SIZE        =    187    ----
   CONSTANT SIZE    =   ----    ----
   XDATA SIZE       =   ----    ----
   PDATA SIZE       =   ----    ----
   DATA SIZE        =   ----      11
   IDATA SIZE       =   ----    ----
   BIT SIZE         =   ----    ----
END OF MODULE INFORMATION.


C51 COMPILATION COMPLETE.  0 WARNING(S),  0 ERROR(S)
