C51 COMPILER V9.56.0.0   BUTTON                                                            02/25/2018 16:31:03 PAGE 1   


C51 COMPILER V9.56.0.0, COMPILATION OF MODULE BUTTON
OBJECT MODULE PLACED IN .\Objects\button.obj
COMPILER INVOKED BY: D:\Keil\C51\BIN\C51.EXE button.c OPTIMIZE(8,SPEED) BROWSE DEBUG OBJECTEXTEND PRINT(.\Listings\butto
                    -n.lst) TABS(2) OBJECT(.\Objects\button.obj)

line level    source

   1          #include "button.h"
   2          
   3          
   4          uint8_t Button_Value(void)
   5          {
   6   1        static uint8_t key_up=1;//按键按松开标志    
   7   1        if(key_up&&(KEY2==0||KEY3==0))
   8   1        {
   9   2          Delay10ms();//去抖动 
  10   2          key_up=0;
  11   2          if(KEY2==0)
  12   2            return 1;
  13   2          else if(KEY3==0)
  14   2            return 2;
  15   2        }
  16   1        else if
  17   1          (KEY2==1&&KEY3==1)key_up=1;       
  18   1        return 0;// 无按键按下
  19   1      }
  20          
  21          void Delay10ms()    //@11.0592MHz
  22          {
  23   1        unsigned char i, j;
  24   1      
  25   1        _nop_();
  26   1        _nop_();
  27   1        i = 108;
  28   1        j = 144;
  29   1        do
  30   1        {
  31   2          while (--j);
  32   2        } while (--i);
  33   1      }
  34          


MODULE INFORMATION:   STATIC OVERLAYABLE
   CODE SIZE        =     51    ----
   CONSTANT SIZE    =   ----    ----
   XDATA SIZE       =   ----    ----
   PDATA SIZE       =   ----    ----
   DATA SIZE        =      1    ----
   IDATA SIZE       =   ----    ----
   BIT SIZE         =   ----    ----
END OF MODULE INFORMATION.


C51 COMPILATION COMPLETE.  0 WARNING(S),  0 ERROR(S)
