C51 COMPILER V9.56.0.0   DHT11                                                             02/25/2018 16:31:03 PAGE 1   


C51 COMPILER V9.56.0.0, COMPILATION OF MODULE DHT11
OBJECT MODULE PLACED IN .\Objects\DHT11.obj
COMPILER INVOKED BY: D:\Keil\C51\BIN\C51.EXE DHT11.c OPTIMIZE(8,SPEED) BROWSE DEBUG OBJECTEXTEND PRINT(.\Listings\DHT11.
                    -lst) TABS(2) OBJECT(.\Objects\DHT11.obj)

line level    source

   1          #include "DHT11.h"
   2          
   3          void InitUART(void)
   4          {
   5   1          PCON &= 0x7F;   
   6   1          SCON = 0x50;    
   7   1          AUXR &= 0xBF; 
   8   1          AUXR &= 0xFE;   
   9   1          TMOD &= 0x0F; 
  10   1          TMOD |= 0x20;   
  11   1          TL1 = 0xFD;   
  12   1          TH1 = 0xFD;   
  13   1          ET1 = 0;    
  14   1          TR1 = 1;    
  15   1      }  
  16          
  17          void Delay10us()    //@11.0592MHz
  18          {
  19   1        unsigned char i;
  20   1      
  21   1        _nop_();
  22   1        _nop_();
  23   1        _nop_();
  24   1        i = 24;
  25   1        while (--i);
  26   1      }
  27          
  28          void Delay1000ms()    //@11.0592MHz
  29          {
  30   1        unsigned char i, j, k;
  31   1      
  32   1        i = 43;
  33   1        j = 6;
  34   1        k = 203;
  35   1        do
  36   1        {
  37   2          do
  38   2          {
  39   3            while (--k);
  40   3          } while (--j);
  41   2        } while (--i);
  42   1      }
  43          
  44          
  45          void Delay20ms()    //@11.0592MHz
  46          {
  47   1        unsigned char i, j, k;
  48   1      
  49   1        i = 1;
  50   1        j = 216;
  51   1        k = 35;
  52   1        do
  53   1        {
  54   2          do
C51 COMPILER V9.56.0.0   DHT11                                                             02/25/2018 16:31:03 PAGE 2   

  55   2          {
  56   3            while (--k);
  57   3          } while (--j);
  58   2        } while (--i);
  59   1      }
  60          
  61          void Delay30us()    //@11.0592MHz
  62          {
  63   1        unsigned char i;
  64   1      
  65   1        i = 80;
  66   1        while (--i);
  67   1      }
  68          
  69          void Start(void)
  70          {
  71   1        DHT11 = 1;
  72   1        Delay10us();
  73   1        DHT11 = 0;
  74   1        Delay20ms();
  75   1        DHT11 = 1;
  76   1        Delay30us();
  77   1        DHT11 = 1;
  78   1      }
  79          
  80          unsigned char Sensor_Byte(void)
  81          {
  82   1        unsigned char i=0,j,tmp,buffer;
  83   1        DHT11 = 1;
  84   1        for(j=0;j<8;j++)
  85   1        {
  86   2          while(!DHT11)
  87   2          {
  88   3            ;
  89   3          }
  90   2          Delay30us();
  91   2          i=0;
  92   2          tmp = 0;
  93   2          if(DHT11)
  94   2            tmp = 1;
  95   2          while(DHT11)
  96   2          {
  97   3             ;    
  98   3          }
  99   2          buffer <<=1;
 100   2          buffer |= tmp;
 101   2        }
 102   1        return buffer;
 103   1      }
 104          
 105          unsigned char Read_Sensor(unsigned char *Sensor_Data)
 106          {
 107   1        unsigned char i = 0;
 108   1        Start();
 109   1        while(!DHT11)
 110   1        {
 111   2          Delay10us();
 112   2          i++;
 113   2          if(i >= 15)
 114   2          {
 115   3            return 0;
 116   3          }
C51 COMPILER V9.56.0.0   DHT11                                                             02/25/2018 16:31:03 PAGE 3   

 117   2        }
 118   1        i = 0;
 119   1        while(DHT11)
 120   1        {
 121   2          Delay10us();
 122   2          i++;
 123   2          if(i >= 10)
 124   2          {
 125   3            return 0;
 126   3          }
 127   2        }
 128   1        for(i=0;i<5;i++)
 129   1          Sensor_Data[i] = Sensor_Byte(); 
 130   1        if(Sensor_Data[4] = Sensor_Data[0]+Sensor_Data[1]+Sensor_Data[2]+Sensor_Data[3])
 131   1          return 1;
 132   1        else
 133   1          return 0;
 134   1      }
 135          
 136          


MODULE INFORMATION:   STATIC OVERLAYABLE
   CODE SIZE        =    250    ----
   CONSTANT SIZE    =   ----    ----
   XDATA SIZE       =   ----    ----
   PDATA SIZE       =   ----    ----
   DATA SIZE        =   ----       4
   IDATA SIZE       =   ----    ----
   BIT SIZE         =   ----    ----
END OF MODULE INFORMATION.


C51 COMPILATION COMPLETE.  0 WARNING(S),  0 ERROR(S)
