C51 COMPILER V9.56.0.0   MAIN                                                              02/25/2018 16:31:03 PAGE 1   


C51 COMPILER V9.56.0.0, COMPILATION OF MODULE MAIN
OBJECT MODULE PLACED IN .\Objects\main.obj
COMPILER INVOKED BY: D:\Keil\C51\BIN\C51.EXE main.c OPTIMIZE(8,SPEED) BROWSE DEBUG OBJECTEXTEND PRINT(.\Listings\main.ls
                    -t) TABS(2) OBJECT(.\Objects\main.obj)

line level    source

   1          #include <STC12C5A60S2.H>
   2          #include "DHT11.h"
   3          #include <button.h>
   4          #include <1602.h>
   5          #include <stdio.h>
   6          
   7          static unsigned char temp_limit = 25;
   8          unsigned char Sensor_Data[5]={0x00};
   9          bit Flag;
  10          void UARTSend(char UCHAR);
  11          void UART_PutString(unsigned char *buf);
  12          sbit Beep = P3^7; 
  13          void Timer0_Init()
  14          { 
  15   1        AUXR &= 0x7F; 
  16   1        TMOD &= 0xF0;   
  17   1        TMOD |= 0x01;   
  18   1        TL0 = 0x00;   
  19   1        TH0 = 0x4C;   
  20   1        TF0 = 0;    
  21   1        TR0 = 1;
  22   1        EA = 1;
  23   1        ET0 = 1;
  24   1        TR0 = 1;  
  25   1      }
  26          
  27          void main()
  28          {
  29   1         Timer0_Init();
  30   1         InitUART();
  31   1         LCD_Init(); 
  32   1         LCD_Clear();                  
  33   1         DelayMs(255);
  34   1      
  35   1         for(;;)
  36   1         {
  37   2           switch (Button_Value())
  38   2           {
  39   3            case 1:
  40   3              temp_limit++;
  41   3              break;
  42   3            case 2:
  43   3              temp_limit--;
  44   3              break;
  45   3            default:
  46   3              break;
  47   3           }
  48   2           if(temp_limit <= Sensor_Data[2])
  49   2             Beep = 0;
  50   2           else
  51   2             Beep = 1;
  52   2           if(Flag)
  53   2           {
  54   3                 LCD_Write_Char(14,0,'0' + temp_limit/10);
C51 COMPILER V9.56.0.0   MAIN                                                              02/25/2018 16:31:03 PAGE 2   

  55   3             LCD_Write_Char(15,0,'0' + temp_limit%10);
  56   3           }
  57   2      
  58   2         }
  59   1      }
  60          void Timer0() interrupt 1
  61          {
  62   1        static unsigned int Count;
  63   1        TL0 = 0x00;   
  64   1        TH0 = 0x4C;
  65   1        if(++Count == 30)
  66   1        { 
  67   2           if(Read_Sensor(Sensor_Data))
  68   2           {
  69   3             LCD_Write_String(0,0,"Humidity: ");
  70   3             LCD_Write_String(0,1,"Temparature: ");        
  71   3             LCD_Write_Char(10,0,'0' + Sensor_Data[0]/10);
  72   3             LCD_Write_Char(11,0,'0' + Sensor_Data[0]%10); 
  73   3             LCD_Write_Char(13,1,'0' + Sensor_Data[2]/10);
  74   3             LCD_Write_Char(14,1,'0' + Sensor_Data[2]%10);
  75   3             LCD_Write_Char(15,1,' ');
  76   3             UART_PutString("Temp: ");
  77   3             UARTSend(Sensor_Data[2]/10 + 0x30);
  78   3             UARTSend(Sensor_Data[2]%10 + 0x30);
  79   3             UART_PutString(", RH: ");
  80   3             UARTSend(Sensor_Data[0]/10 + 0x30);
  81   3             UARTSend(Sensor_Data[0]%10 + 0x30);
  82   3             UARTSend(0x0D);
  83   3             UARTSend(0x0A);
  84   3             Flag = 1;
  85   3           }
  86   2           else
  87   2           {
  88   3             UART_PutString("Sensor Not Connected");
  89   3             UARTSend(0x0D);
  90   3             UARTSend(0x0A);
  91   3             LCD_Write_String(0,0,"                ");  
  92   3             LCD_Write_String(0,1,"                ");  
  93   3             Flag = 0;
  94   3           }
  95   2            Count = 0;
  96   2        }   
  97   1      
  98   1      }
  99          /********************************************\
 100          |* ??: ??????                   *|
 101          \********************************************/
 102          void UARTSend(char UCHAR)
 103            {
 104   1          SBUF=UCHAR;
 105   1          while(TI==0);
 106   1          TI=0;
 107   1        }
 108          
 109           /********************************************\
 110          |* ??: ???????              *|
 111          \********************************************/
 112          void UART_PutString(unsigned char *buf)
 113            {
 114   1        while(*buf)
 115   1            UARTSend(*buf++);
 116   1        }
C51 COMPILER V9.56.0.0   MAIN                                                              02/25/2018 16:31:03 PAGE 3   



MODULE INFORMATION:   STATIC OVERLAYABLE
   CODE SIZE        =    477    ----
   CONSTANT SIZE    =     77    ----
   XDATA SIZE       =   ----    ----
   PDATA SIZE       =   ----    ----
   DATA SIZE        =      8       3
   IDATA SIZE       =   ----    ----
   BIT SIZE         =      1    ----
END OF MODULE INFORMATION.


C51 COMPILATION COMPLETE.  0 WARNING(S),  0 ERROR(S)
