C51 COMPILER V9.60.0.0   TEMP                                                              02/11/2020 19:23:41 PAGE 1   


C51 COMPILER V9.60.0.0, COMPILATION OF MODULE TEMP
OBJECT MODULE PLACED IN ..\Output\temp.obj
COMPILER INVOKED BY: D:\software install\Keil_C51\C51\BIN\C51.EXE temp.c OPTIMIZE(8,SPEED) BROWSE DEBUG OBJECTEXTEND PRI
                    -NT(..\Listing\temp.lst) TABS(2) OBJECT(..\Output\temp.obj)

line level    source

   1          #include"temp.h"
*** ERROR C103 IN LINE 52 OF STC12C5Axx.H: '<string>': unclosed string
*** ERROR C129 IN LINE 52 OF STC12C5Axx.H: missing ';' before '<string>'
*** ERROR C305 IN LINE 52 OF STC12C5Axx.H: unterminated string/char const
   2          /*******************************************************************************
   3          * 函数名         : Delay1ms
   4          * 函数功能       : 延时函数
   5          * 输入           : 无
   6          * 输出           : 无
   7          *******************************************************************************/
   8          
   9          void Delay642us()   //@11.0592MHz
  10          {
  11            unsigned char i, j;
  12          
  13            _nop_();
  14            _nop_();
  15            i = 7;
  16            j = 228;
  17            do
  18            {
  19              while (--j);
  20            } while (--i);
  21          }
  22          
  23          void Delay500us()   //@11.0592MHz
  24          {
  25            unsigned char i, j;
  26          
  27            i = 6;
  28            j = 93;
  29            do
  30            {
  31              while (--j);
  32            } while (--i);
  33          }
  34          void Delay68us()    //@11.0592MHz
  35          {
  36            unsigned char i, j;
  37          
  38            _nop_();
  39            _nop_();
  40            i = 1;
  41            j = 183;
  42            do
  43            {
  44              while (--j);
  45            } while (--i);
  46          }
  47          void Delay6us()   //@11.0592MHz
  48          {
  49            unsigned char i;
  50          
  51            _nop_();
C51 COMPILER V9.60.0.0   TEMP                                                              02/11/2020 19:23:41 PAGE 2   

  52            _nop_();
  53            i = 13;
  54            while (--i);
  55          }
  56          void Delay48us()    //@11.0592MHz
  57          {
  58            unsigned char i, j;
  59          
  60            _nop_();
  61            i = 1;
  62            j = 128;
  63            do
  64            {
  65              while (--j);
  66            } while (--i);
  67          }
  68          void Delay1ms()   //@11.0592MHz
  69          {
  70            unsigned char i, j;
  71          
  72            _nop_();
  73            i = 11;
  74            j = 190;
  75            do
  76            {
  77              while (--j);
  78            } while (--i);
  79          }
  80          /*******************************************************************************
  81          * 函数名         : Ds18b20Init
  82          * 函数功能       : 初始化
  83          * 输入           : 无
  84          * 输出           : 初始化成功返回1，失败返回0
  85          *******************************************************************************/
  86          
  87          unsigned char Ds18b20Init()
  88          {
  89            unsigned int i;
  90            DSPORT=0;      //将总线拉低480us~960us
  91            Delay642us();
  92            DSPORT=1;     //然后拉高总线，如果DS18B20做出反应会将在15us~60us后总线拉低
  93            i=0;
  94            while(DSPORT) //等待DS18B20拉低总线
  95            {
  96              i++;
  97              if(i>10)//等待>5MS
  98                return 0;//初始化失败 
  99              Delay500us();
 100            }
 101            return 1;//初始化成功
 102          }
 103          
 104          /*******************************************************************************
 105          * 函数名         : Ds18b20WriteByte
 106          * 函数功能       : 向18B20写入一个字节
 107          * 输入           : com
 108          * 输出           : 无
 109          *******************************************************************************/
 110          
 111          void Ds18b20WriteByte(unsigned char dat)
 112          {
 113            unsigned int j;
C51 COMPILER V9.60.0.0   TEMP                                                              02/11/2020 19:23:41 PAGE 3   

 114            for(j=0;j<8;j++)
 115            {
 116              DSPORT=0;     //每写入一位数据之前先把总线拉低1us
 117              _nop_();
 118              DSPORT=dat&0x01; //然后写入一个数据，从最低位开始
 119              Delay68us();
 120              DSPORT=1; //然后释放总线，至少1us给总线恢复时间才能接着写入第二个数值
 121              dat>>=1;
 122            }
 123          }
 124          /*******************************************************************************
 125          * 函数名         : Ds18b20ReadByte
 126          * 函数功能       : 读取一个字节
 127          * 输入           : com
 128          * 输出           : 无
 129          *******************************************************************************/
 130          
 131          
 132          unsigned char Ds18b20ReadByte()
 133          {
 134            unsigned char byte,bi;
 135            unsigned int j; 
 136            for(j=8;j>0;j--)
 137            {
 138              DSPORT=0;//先将总线拉低1us
 139              _nop_();
 140              DSPORT=1;//然后释放总线
 141              Delay6us();
 142              bi=DSPORT;   //读取数据，从最低位开始读取
 143              /*将byte左移一位，然后与上右移7位后的bi，注意移动之后移掉那位补0。*/
 144              byte=(byte>>1)|(bi<<7);             
 145              Delay48us();
 146            }       
 147            return byte;
 148          }
 149          /*******************************************************************************
 150          * 函数名         : Ds18b20ChangTemp
 151          * 函数功能       : 让18b20开始转换温度
 152          * 输入           : com
 153          * 输出           : 无
 154          *******************************************************************************/
 155          
 156          void  Ds18b20ChangTemp()
 157          {
 158            Ds18b20Init();
 159            Delay1ms();
 160            Ds18b20WriteByte(0xcc);   //跳过ROM操作命令    
 161            Ds18b20WriteByte(0x44);     //温度转换命令
 162          //  Delay1ms(100);  //等待转换成功，而如果你是一直刷着的话，就不用这个延时了
 163             
 164          }
 165          /*******************************************************************************
 166          * 函数名         : Ds18b20ReadTempCom
 167          * 函数功能       : 发送读取温度命令
 168          * 输入           : com
 169          * 输出           : 无
 170          *******************************************************************************/
 171          
 172          void  Ds18b20ReadTempCom()
 173          { 
 174          
 175            Ds18b20Init();
C51 COMPILER V9.60.0.0   TEMP                                                              02/11/2020 19:23:41 PAGE 4   

 176            Delay1ms();
 177            Ds18b20WriteByte(0xcc);  //跳过ROM操作命令
 178            Ds18b20WriteByte(0xbe);  //发送读取温度命令
 179          }
 180          /*******************************************************************************
 181          * 函数名         : Ds18b20ReadTemp
 182          * 函数功能       : 读取温度
 183          * 输入           : com
 184          * 输出           : 无
 185          *******************************************************************************/
 186          
 187          int Ds18b20ReadTemp()
 188          {
 189            int temp=0;
 190            unsigned char tmh,tml;
 191            Ds18b20ChangTemp();       //先写入转换命令
 192            Ds18b20ReadTempCom();     //然后等待转换完后发送读取温度命令
 193            tml=Ds18b20ReadByte();    //读取温度值共16位，先读低字节
 194            tmh=Ds18b20ReadByte();    //再读高字节
 195            temp=tmh;
 196            temp<<=8;
 197            temp|=tml;
 198            return temp;
 199          }
 200          
 201          
*** WARNING C316 IN LINE 201 OF temp.c: unterminated conditionals

C51 COMPILATION COMPLETE.  1 WARNING(S),  3 ERROR(S)
