C51 COMPILER V9.60.0.0   UART                                                              02/11/2020 19:23:41 PAGE 1   


C51 COMPILER V9.60.0.0, COMPILATION OF MODULE UART
OBJECT MODULE PLACED IN ..\Output\uart.obj
COMPILER INVOKED BY: D:\software install\Keil_C51\C51\BIN\C51.EXE uart.c OPTIMIZE(8,SPEED) BROWSE DEBUG OBJECTEXTEND PRI
                    -NT(..\Listing\uart.lst) TABS(2) OBJECT(..\Output\uart.obj)

line level    source

   1          #include "uart.h"
*** ERROR C103 IN LINE 52 OF STC12C5Axx.H: '<string>': unclosed string
*** ERROR C129 IN LINE 52 OF STC12C5Axx.H: missing ';' before '<string>'
*** ERROR C305 IN LINE 52 OF STC12C5Axx.H: unterminated string/char const
   2          
   3          //注意：串口1，2都用独立波特率发生器
   4          void Uart1Init(void)    //115200bps@11.0592MHz
   5          {
   6            PCON &= 0x7F;   //波特率不倍速
   7            SCON  = 0x50;   //8位数据，可变波特率
   8            AUXR |= 0x04;   //1T模式
   9            BRT   = 0xFD;   //设置独立波特率发生器重装值
  10            AUXR |=0X01;    //串口1选择独立发生器为波特率发生器
  11            AUXR |=0X10;    //启动独立波特率发生器
  12            ES = 1;         //使能串口1中断
  13          }
  14          
  15          void Uart2Init(void)    //115200bps@11.0592MHz
  16          {
  17            AUXR &=0XF7;    //波特率不倍速
  18            S2CON = 0x50;   //8位数据，可变波特率
  19            AUXR |= 0x04;   //1T模式
  20            BRT   = 0xFD;   //设置独立波特率发生器重装值
  21            AUXR |=0X01;    //串口2选择独立发生器为波特率发生器
  22            AUXR |=0X10;    //启动独立波特率发生器
  23            IE2  |=0X01;    //使能串口2中断
  24          }
  25          
  26          /*----------------------------
  27          UART1 发送串口数据
  28          -----------------------------*/
  29          void UART1_SendData(u8 dat)
  30          {
  31            ES=0;         //关串口中断
  32            SBUF=dat;     
  33            while(TI!=1); //等待发送成功
  34            TI=0;         //清除发送中断标志
  35            ES=1;         //开串口中断
  36          }
  37          /*----------------------------
  38          UART1 发送字符串
  39          -----------------------------*/
  40          void UART1_SendString(char *s)
  41          {
  42            while(*s)//检测字符串结束符
  43            {
  44              UART1_SendData(*s++);//发送当前字符
  45            }
  46          }
  47          
  48          /*----------------------------
  49          UART2 发送串口数据
  50          -----------------------------*/
  51          void UART2_SendData(u8 dat)
C51 COMPILER V9.60.0.0   UART                                                              02/11/2020 19:23:41 PAGE 2   

  52          {
  53            IE2 &= ~0x01;         //关串口中断
  54            S2BUF=dat;      
  55            while((S2CON&S2TI)!=S2TI);  //等待发送成功
  56            S2CON &= ~S2TI;         //清除发送中断标志
  57            IE2 = 0x01;         //开串口中断
  58          }
  59          /*----------------------------
  60          UART2 发送字符串
  61          -----------------------------*/
  62          void UART2_SendString(char *s)
  63          {
  64            while(*s)//检测字符串结束符
  65            {
  66              UART2_SendData(*s++);//发送当前字符
  67            }
  68          }
  69          
*** WARNING C316 IN LINE 69 OF uart.c: unterminated conditionals

C51 COMPILATION COMPLETE.  1 WARNING(S),  3 ERROR(S)
