C51 COMPILER V9.59.0.0   IIC                                                               05/28/2018 01:35:55 PAGE 1   


C51 COMPILER V9.59.0.0, COMPILATION OF MODULE IIC
OBJECT MODULE PLACED IN iic.OBJ
COMPILER INVOKED BY: C:\Keil_v5\C51\BIN\C51.EXE iic.c OPTIMIZE(8,SPEED) BROWSE DEBUG OBJECTEXTEND TABS(2)

line level    source

   1          #include "iic.h"
   2          
   3          
   4          void delay_iic()
   5          {
   6   1         unsigned char i=0;
   7   1         for(i=0;i<5;i++);
   8   1      }
   9          
  10          
  11          void IIC_Start(void)
  12          {
  13   1        SDA = 1;
  14   1        SCL = 1;
  15   1        somenop;
  16   1        SDA = 0;
  17   1        somenop;
  18   1        SCL = 0;  
  19   1      }
  20          
  21          
  22          void IIC_Stop(void)
  23          {
  24   1        SDA = 0;
  25   1        SCL = 1;
  26   1        somenop;
  27   1        SDA = 1;
  28   1      }
  29          
  30          
  31          void IIC_response()
  32          {
  33   1          unsigned char k=250; 
  34   1        SDA = 1;
  35   1        somenop;
  36   1        SCL = 1;
  37   1        somenop;
  38   1        while(SDA&&k--);
  39   1        somenop;
  40   1        SCL = 0;
  41   1        somenop;
  42   1      }
  43          
  44          
  45          void IIC_SendByte(unsigned char byt)
  46          {
  47   1        unsigned char i;
  48   1        for(i=0;i<8;i++)
  49   1        {   
  50   2          if(byt&0x80) 
  51   2          { 
  52   3            SDA = 1;
  53   3          }
  54   2          else 
  55   2          {
C51 COMPILER V9.59.0.0   IIC                                                               05/28/2018 01:35:55 PAGE 2   

  56   3            SDA = 0;
  57   3          }
  58   2          somenop;
  59   2          SCL = 1;
  60   2          byt <<= 1;
  61   2          somenop;
  62   2          SCL = 0;
  63   2        }
  64   1      }
  65          
  66          
  67          unsigned char IIC_RecByte(void)
  68          {
  69   1        unsigned char da;
  70   1        unsigned char i;
  71   1        
  72   1        for(i=0;i<8;i++)
  73   1        {   
  74   2          SCL = 1;
  75   2          somenop;
  76   2          da <<= 1;
  77   2          if(SDA) 
  78   2          da |= 0x01;
  79   2          SCL = 0;
  80   2          somenop;
  81   2        }
  82   1        return da;
  83   1      }
  84          
  85          void ad_send(unsigned char addr,unsigned char dat)
  86          {
  87   1         IIC_Start();
  88   1         IIC_SendByte(0x90);
  89   1         IIC_response();
  90   1         IIC_SendByte(addr);
  91   1         IIC_response();
  92   1         IIC_SendByte(dat);
  93   1         IIC_response();
  94   1         IIC_Stop();
  95   1      }
  96          
  97          
  98          unsigned char ad_read(unsigned char add,unsigned char addr)
  99          {
 100   1         unsigned char dat;
 101   1         IIC_Start();
 102   1         IIC_SendByte(add);
 103   1         IIC_response();
 104   1         IIC_SendByte(addr);
 105   1         IIC_response();
 106   1         IIC_Stop();
 107   1      
 108   1         IIC_Start();
 109   1         IIC_SendByte(add+1);
 110   1         IIC_response();
 111   1         dat=IIC_RecByte();
 112   1         IIC_Stop();
 113   1         IIC_Stop();
 114   1      
 115   1         return dat;
 116   1      
 117   1      }
C51 COMPILER V9.59.0.0   IIC                                                               05/28/2018 01:35:55 PAGE 3   

 118          


MODULE INFORMATION:   STATIC OVERLAYABLE
   CODE SIZE        =    225    ----
   CONSTANT SIZE    =   ----    ----
   XDATA SIZE       =   ----    ----
   PDATA SIZE       =   ----    ----
   DATA SIZE        =   ----    ----
   IDATA SIZE       =   ----    ----
   BIT SIZE         =   ----    ----
END OF MODULE INFORMATION.


C51 COMPILATION COMPLETE.  0 WARNING(S),  0 ERROR(S)
