C51 COMPILER V9.59.0.0   MAIN                                                              05/28/2018 01:35:53 PAGE 1   


C51 COMPILER V9.59.0.0, COMPILATION OF MODULE MAIN
OBJECT MODULE PLACED IN main.OBJ
COMPILER INVOKED BY: C:\Keil_v5\C51\BIN\C51.EXE main.c OPTIMIZE(8,SPEED) BROWSE DEBUG OBJECTEXTEND TABS(2)

line level    source

   1          #include"reg52.h"
   2          #include"intrins.h"
   3          #include"iic.h"
   4          #include"stdio.h"
   5          #include"lcd1602.h"
   6          
   7          #define uchar unsigned char
   8          
   9          sbit in  =P1^0;
  10          sbit out =P1^1;
  11          
  12          bit in_last =1;
  13          bit out_last=1;
  14          
  15          sbit CS  = P1^2; 
  16          sbit CLK = P1^3;
  17          sbit DIO = P1^4;
  18          
  19          
  20          unsigned char lcd[20]={0};
  21          unsigned char dac_out=0;
  22          unsigned char speed_time=0;
  23          
  24          
  25          int set_speed=50; 
  26          unsigned char current=0;
  27          unsigned char light_get=0;
  28          unsigned char current_last=0;
  29          unsigned char current_geding=0;
  30          
  31          
  32          int speed_kp=45;
  33          int speed_ki=8;
  34          
  35          int speed_error;
  36          int speed_errorlast;
  37          int speed=0;
  38          
  39          int current_kp=200;
  40          int current_ki=30; 
  41          
  42          int current_error;
  43          int current_errorlast;
  44          
  45          unsigned char Get_ADC(bit ch);
  46          void timer_init();
  47          unsigned char speed_pi();
  48          unsigned char current_pi(int set_current);
  49          
  50          void main()
  51          {
  52   1        ad_send(0x40,255);
  53   1        timer_init();
  54   1        lcdinit();
  55   1      
C51 COMPILER V9.59.0.0   MAIN                                                              05/28/2018 01:35:53 PAGE 2   

  56   1        while(1)
  57   1        {
  58   2          light_get=Get_ADC(0);
  59   2          
  60   2          sprintf(lcd,"speed:%03d",speed);
  61   2          lcd_display_L(lcd);
  62   2          sprintf(lcd,"current:%03d",(int)current);
  63   2          lcd_display_H(lcd);
  64   2        }
  65   1      }
  66          
  67          void timer0_irq() interrupt 1
  68          {
  69   1           TH0=(65535-25000)>>8;
  70   1         TL0= 65535-25000;
  71   1      
  72   1      
  73   1         if(++speed_time==2)
  74   1         {
  75   2             speed_time=0;
  76   2           speed=TH1;
  77   2           speed<<=8;
  78   2           speed=TL1;
  79   2             TH1=0;TL1=0;    
  80   2           current_geding=speed_pi();
  81   2         }
  82   1      
  83   1         current=Get_ADC(0)/2+current_last/2; 
  84   1         current_last=current;
  85   1      
  86   1         dac_out=current_pi(current_geding);
  87   1           ad_send(0x40,255-dac_out);
  88   1      }
  89          
  90          unsigned char current_pi(int set_current) 
  91          {
  92   1          static unsigned long pwm=0; 
  93   1      
  94   1        unsigned char pwm_u8=0;
  95   1        
  96   1        current_error=set_current -(int)current;
  97   1      
  98   1        pwm+=(current_error-current_errorlast)*current_kp+current_error*current_ki;
  99   1      
 100   1        current_errorlast=current_error;
 101   1      
 102   1          if(pwm<0) pwm=0;
 103   1        else if(pwm>65536) pwm=65536;
 104   1      
 105   1          pwm_u8=(unsigned char)(pwm>>8);
 106   1      
 107   1        return pwm_u8;
 108   1      }
 109          
 110          
 111          unsigned char speed_pi()     
 112          {
 113   1          static unsigned long pwm=0; 
 114   1      
 115   1        unsigned char pwm_u8=0;
 116   1        
 117   1        speed_error=set_speed -speed;
C51 COMPILER V9.59.0.0   MAIN                                                              05/28/2018 01:35:53 PAGE 3   

 118   1      
 119   1        pwm+=(speed_error-speed_errorlast)*speed_kp+speed_error*speed_ki;
 120   1      
 121   1        speed_errorlast=speed_error;
 122   1      
 123   1          if(pwm<1) pwm=1;
 124   1        else if(pwm>32767) pwm=32767;
 125   1      
 126   1          pwm_u8=(unsigned char)(pwm>>8);
 127   1      
 128   1        return pwm_u8;
 129   1      }
 130          
 131          
 132          void timer_init()
 133          {
 134   1        TMOD=0x51;
 135   1        TH1=0;
 136   1        TL1=0;
 137   1        EA=1;
 138   1        ET0=1;
 139   1        TH0=(65535-25000)/256;
 140   1        TL0=(65535-25000)%256;
 141   1        TR0=1;
 142   1        TR1=1;
 143   1      }
 144          
 145          
 146          unsigned char Get_ADC(bit ch)
 147          {
 148   1        unsigned char i,dat1 = 0,dat2 = 0;
 149   1        
 150   1        CS = 0; CLK = 0;
 151   1        DIO = 1; _nop_(); _nop_();
 152   1        CLK = 1; _nop_(); _nop_();
 153   1        CLK = 0; DIO = 1; _nop_(); _nop_();
 154   1        CLK = 1;          _nop_(); _nop_();
 155   1        CLK = 0; DIO = ch; _nop_(); _nop_();
 156   1        CLK = 1;          _nop_(); _nop_();
 157   1        CLK = 0; DIO = 1; _nop_(); _nop_();
 158   1      
 159   1        for(i = 0; i < 8; i++)
 160   1        {
 161   2          CLK = 1; _nop_(); _nop_();
 162   2          CLK = 0; _nop_(); _nop_();
 163   2          dat1 = (dat1 << 1)|DIO;
 164   2        }
 165   1        
 166   1        for(i = 0; i < 8; i++)
 167   1        {
 168   2          dat2 = dat2|((unsigned char)DIO<<i);
 169   2          CLK = 1; _nop_(); _nop_();
 170   2          CLK = 0; _nop_(); _nop_();
 171   2        }
 172   1        CS = 1;
 173   1        
 174   1        return dat1;
 175   1      }


MODULE INFORMATION:   STATIC OVERLAYABLE
   CODE SIZE        =    691    ----
C51 COMPILER V9.59.0.0   MAIN                                                              05/28/2018 01:35:53 PAGE 4   

   CONSTANT SIZE    =     24    ----
   XDATA SIZE       =   ----    ----
   PDATA SIZE       =   ----    ----
   DATA SIZE        =     54       2
   IDATA SIZE       =   ----    ----
   BIT SIZE         =      2       1
END OF MODULE INFORMATION.


C51 COMPILATION COMPLETE.  0 WARNING(S),  0 ERROR(S)
