C51 COMPILER V9.56.0.0   MAIN                                                              10/16/2017 18:12:01 PAGE 1   


C51 COMPILER V9.56.0.0, COMPILATION OF MODULE MAIN
OBJECT MODULE PLACED IN .\Objects\main.obj
COMPILER INVOKED BY: C:\Keil_v5\C51\BIN\C51.EXE main.c OPTIMIZE(8,SPEED) BROWSE DEBUG OBJECTEXTEND PRINT(.\Listings\main
                    -.lst) TABS(2) OBJECT(.\Objects\main.obj)

line level    source

   1          #include<reg51.h>
   2          #include<intrins.h>
   3          #include "delay.h"
   4          #include "uart.h"
   5          
   6          static uchar Rec_Flag = 0;
   7          
   8          sbit ADDR0 = P1^0;
   9          sbit ADDR1 = P1^1;
  10          sbit ADDR2 = P1^2;
  11          sbit ADDR3 = P1^3;
  12          sbit ENLED = P1^4;
  13          sbit LED3  = P0^2;
  14          
  15          void Init(void);
  16          
  17          void main()
  18          {
  19   1        uint8_t Flag=0;
  20   1        Init();
  21   1        Uart_Init();
  22   1        while(1)
  23   1        {
  24   2      //    if(!Flag)
  25   2      //    {
  26   2      //      P0=_cror_(P0,1);
  27   2      //      Delay;
  28   2      //      if(P0 == 0XFE)
  29   2      //      {
  30   2      //        Flag=1; 
  31   2      //        P0=0Xef;
  32   2      //        Delay;
  33   2      //      }
  34   2      //    }
  35   2      //   else
  36   2      //   {
  37   2      //      P0=_crol_(P0,1);
  38   2      //      Delay;
  39   2      //          if(P0 == 0X7f)
  40   2      //      {
  41   2      //        Flag=0; 
  42   2      //        P0=0Xef;
  43   2      //        Delay;
  44   2      //      }
  45   2      //   }
  46   2           switch (Rec_Flag)
  47   2           {
  48   3            case 2:LED3 = 0;
  49   3              break;
  50   3            case 1:LED3 = 1;
  51   3              break;
  52   3            default:
  53   3              break;
  54   3           }
C51 COMPILER V9.56.0.0   MAIN                                                              10/16/2017 18:12:01 PAGE 2   

  55   2        }
  56   1      }
  57          void Init(void)
  58          {
  59   1        ADDR0=0;
  60   1        ADDR1=ADDR2=1;
  61   1        ADDR3=1;
  62   1        ENLED=0;
  63   1        P0=0Xff;
  64   1        Delay;
  65   1      }
  66          
  67          void seria_1() interrupt 4
  68          {
  69   1        if(RI)
  70   1        {
  71   2          RI = 0;
  72   2          Rec_Flag = SBUF;
  73   2        }
  74   1        if(TI)
  75   1        {
  76   2          TI = 0;
  77   2        }
  78   1      }


MODULE INFORMATION:   STATIC OVERLAYABLE
   CODE SIZE        =     59    ----
   CONSTANT SIZE    =   ----    ----
   XDATA SIZE       =   ----    ----
   PDATA SIZE       =   ----    ----
   DATA SIZE        =      1       1
   IDATA SIZE       =   ----    ----
   BIT SIZE         =   ----    ----
END OF MODULE INFORMATION.


C51 COMPILATION COMPLETE.  0 WARNING(S),  0 ERROR(S)
