C51 COMPILER V9.56.0.0   DELAY                                                             09/16/2017 10:17:51 PAGE 1   


C51 COMPILER V9.56.0.0, COMPILATION OF MODULE DELAY
OBJECT MODULE PLACED IN delay.OBJ
COMPILER INVOKED BY: C:\Keil_v5\C51\BIN\C51.EXE delay.c OPTIMIZE(8,SPEED) BROWSE DEBUG OBJECTEXTEND TABS(2)

line level    source

   1          #include "delay.h"
   2          
   3          void Delay1ms(uint32_t count)
   4          {
   5   1        uint32_t i,j;
   6   1        for(i=0;i<count;i++)
   7   1        for(j=0;j<120;j++);
   8   1      }


MODULE INFORMATION:   STATIC OVERLAYABLE
   CODE SIZE        =     32    ----
   CONSTANT SIZE    =   ----    ----
   XDATA SIZE       =   ----    ----
   PDATA SIZE       =   ----    ----
   DATA SIZE        =   ----    ----
   IDATA SIZE       =   ----    ----
   BIT SIZE         =   ----    ----
END OF MODULE INFORMATION.


C51 COMPILATION COMPLETE.  0 WARNING(S),  0 ERROR(S)
