C51 COMPILER V9.56.0.0   MAIN                                                              09/16/2017 10:17:51 PAGE 1   


C51 COMPILER V9.56.0.0, COMPILATION OF MODULE MAIN
OBJECT MODULE PLACED IN main.OBJ
COMPILER INVOKED BY: C:\Keil_v5\C51\BIN\C51.EXE main.c OPTIMIZE(8,SPEED) BROWSE DEBUG OBJECTEXTEND TABS(2)

line level    source

   1          #include<reg51.h>
   2          #include "delay.h"
   3          
   4          uint8_t code D_1[]={0x76,0xc7,0xc0,0xc1,0xc6,0xbf,0xc0,0xc1};         
   5          uint8_t code W[]={0x01,0x02,0x04,0x08,0x10,0x20,0x40,0x80};          
   6          uint8_t code D_2[]={0XF7,0XFf,0xFf,0xFf,0xdd,0xf6,0xff,0xff};         
   7          
   8          void GPIO_Init(void);
   9          
  10          void main()
  11          {
  12   1         uint8_t  m=0,n=0;
  13   1         uint32_t i=0,j=0;
  14   1         GPIO_Init();
  15   1        while(1)
  16   1        {
  17   2          for(j=0;j<250;j++)
  18   2          {
  19   3              for(i=0;i<750;i++)
  20   3             {
  21   4      
  22   4              P3= W[n];
  23   4              P0= D_1[(n+m)%8];
  24   4              P2=D_2[(n+m)%8];
  25   4              Delay1ms(1);
  26   4              n++;
  27   4              if(n == 8)
  28   4                 n=0;
  29   4             }
  30   3             m++;
  31   3             if(m == 8)
  32   3             m=0;
  33   3          }
  34   2        }
  35   1      }
  36          
  37          void GPIO_Init(void)
  38          {
  39   1         P0=0XFF;
  40   1         P2=0XFF;
  41   1         P3=0X00;
  42   1      }
  43          


MODULE INFORMATION:   STATIC OVERLAYABLE
   CODE SIZE        =    150    ----
   CONSTANT SIZE    =     24    ----
   XDATA SIZE       =   ----    ----
   PDATA SIZE       =   ----    ----
   DATA SIZE        =   ----       6
   IDATA SIZE       =   ----    ----
   BIT SIZE         =   ----    ----
END OF MODULE INFORMATION.


C51 COMPILATION COMPLETE.  0 WARNING(S),  0 ERROR(S)
