C51 COMPILER V9.59.0.0   DHT22                                                             02/03/2019 16:43:31 PAGE 1   


C51 COMPILER V9.59.0.0, COMPILATION OF MODULE DHT22
OBJECT MODULE PLACED IN .\Objects\DHT22.obj
COMPILER INVOKED BY: D:\keil C51\C51\BIN\C51.EXE DHT22.c OPTIMIZE(8,SPEED) BROWSE DEBUG OBJECTEXTEND PRINT(.\Listings\DH
                    -T22.lst) TABS(2) OBJECT(.\Objects\DHT22.obj)

line level    source

   1          /***********************************************************
   2          功能：DHT22驱动程序
   3          说明：此程序运行硬件环境为STC12C5A60S2，该单片机（1T）与传统
   4          的89C51单片机（12T）指令运行周期不同，使用的时候只需要修改
   5          延时函数部分即可。
   6          ************************************************************/
   7          
   8          #include <DHT22.h>
   9          
  10          
  11          // 变量定义
  12          unsigned char Sensor_Data[5]={0x00,0x00,0x00,0x00,0x00};
  13          unsigned char Sensor_Check;       //校验和
  14          
  15          unsigned char Sensor_AnswerFlag;  //收到起始标志位
  16          unsigned char Sensor_ErrorFlag;   //读取传感器错误标志
  17          unsigned int  Sys_CNT;
  18          unsigned int  Tmp,temprature,humidity;
  19          unsigned int  temp_limit = 15;
  20          unsigned char *String;
  21          
  22          //字符串定义
  23          #define S_Temp "Temp:"
  24          #define S_RH   "RH:"
  25          #define S_CRCF "Check: Wrong"
  26          #define S_Data "Data: "
  27          #define S_NotS "Sensor Not Connected"
  28          
  29          
  30          /********************************************\
  31          |* 功能： 延时 晶振为11.0592M时             *|
  32          |*  该延时是1T指令模式下，传统的89C51需要修改*|
  33          \********************************************/
  34          void Delay500us()   
  35          {
  36   1          unsigned char i, j;
  37   1      
  38   1          i = 6;
  39   1          j = 93;
  40   1          do
  41   1          {
  42   2            while (--j);
  43   2          } while (--i);
  44   1      }
  45          /********************************************\
  46          |* 功能： 延时 晶振为11.0592M时       *|
  47          |*  该延时是1T指令模式下，传统的89C51需要修改*|
  48          \********************************************/
  49          void Delay30us()    
  50          {
  51   1          unsigned char i;
  52   1      
  53   1          i = 80;
  54   1          while (--i);
C51 COMPILER V9.59.0.0   DHT22                                                             02/03/2019 16:43:31 PAGE 2   

  55   1      }
  56          
  57          /********************************************\
  58          |* 功能： 初始化串口              *|
  59          \********************************************/
  60          void InitUART(void)
  61          {
  62   1          PCON &= 0x7F;   
  63   1          SCON = 0x50;    
  64   1          AUXR &= 0xBF; 
  65   1          AUXR &= 0xFE;   
  66   1          TMOD &= 0x0F; 
  67   1          TMOD |= 0x20;   
  68   1          TL1 = 0xFD;   
  69   1          TH1 = 0xFD;   
  70   1          ET1 = 0;    
  71   1          TR1 = 1;    
  72   1      }  
  73          
  74          /********************************************\
  75          |* 功能： 串口发送函数                   *|
  76          \********************************************/
  77          void UARTSend(char UCHAR)
  78          {
  79   1          SBUF=UCHAR;
  80   1          while(TI==0);
  81   1          TI=0;
  82   1      }
  83          
  84           /********************************************\
  85          |* 功能： 串口发送子函数              *|
  86          \********************************************/
  87          void UART_PutString(unsigned char *buf)
  88          {
  89   1          while(*buf)
  90   1            UARTSend(*buf++);
  91   1      }
  92          void UART_PutStringAndNum(unsigned char *buf ,unsigned int num)
  93          {
  94   1          unsigned char a[3],i;
  95   1          a[3] = '0'+num%10;
  96   1          a[2] = '.';
  97   1          a[1] = '0'+num/10%10;
  98   1          a[0] = '0'+num/100%10;
  99   1          while(*buf)
 100   1              UARTSend(*buf++);
 101   1          UARTSend(' ');
 102   1           for(i=0;i<4;i++)
 103   1          {
 104   2            UARTSend(a[i]);
 105   2          } 
 106   1      }
 107          void UART_PutStringAnd_Data(unsigned char *buf ,unsigned char *bufdata)
 108          {
 109   1          unsigned char a[2],i,j;
 110   1          while(*buf)
 111   1              UARTSend(*buf++);
 112   1          UARTSend(' ');
 113   1          for(i=0;i<5;i++)
 114   1          {
 115   2            a[0] = bufdata[i]/16; 
 116   2            a[1] = bufdata[i]%16;
C51 COMPILER V9.59.0.0   DHT22                                                             02/03/2019 16:43:31 PAGE 3   

 117   2            for(j=0;j<2;j++)
 118   2            {
 119   3              if(a[j]>9)
 120   3              {
 121   4                a[j] = (a[j]-10)+'A';
 122   4              }
 123   3              else
 124   3              {
 125   4                a[j] = a[j]+'0';
 126   4              }
 127   3              UARTSend(a[j]);
 128   3            }
 129   2            UARTSend(' ');
 130   2          } 
 131   1      }
 132          /********************************************\
 133          |* 功能： 串口发送传感器数据函数      *|
 134          \********************************************/
 135          void UARTSend_Nbyte(void)
 136          {
 137   1           if(Sensor_AnswerFlag == 1)
 138   1           {
 139   2            Sensor_Check = Sensor_Data[0]+Sensor_Data[1]+Sensor_Data[2]+Sensor_Data[3];
 140   2            if(Sensor_Check ==Sensor_Data[4])       //校验成功
 141   2            {
 142   3                 String = S_RH;//"RH:";    
 143   3                 Tmp = Sensor_Data[0]*256+Sensor_Data[1];
 144   3                 humidity = Tmp;        
 145   3                 UART_PutStringAndNum(String,Tmp); 
 146   3                 UARTSend(' ');
 147   3                 UARTSend(' ');
 148   3                 
 149   3             String = S_Temp;// "Temp:";     
 150   3                 Tmp = Sensor_Data[2]*256+Sensor_Data[3];
 151   3                 temprature = Tmp;      
 152   3                 UART_PutStringAndNum(String,Tmp);
 153   3                 UARTSend(' ');
 154   3                 UARTSend(' ');
 155   3            }
 156   2            else  //校验失败 送上读到数据
 157   2            {
 158   3                   String = S_Data;//"Data: ";
 159   3               UART_PutStringAnd_Data(String,Sensor_Data);
 160   3             UARTSend(' '); 
 161   3             UARTSend(' ');
 162   3             String = S_CRCF;//"Check: Wrong";
 163   3               UART_PutString(String); 
 164   3            }
 165   2          }
 166   1          else // 传感器未连接
 167   1          {
 168   2             String = S_NotS; //"Sensor Not Connected";
 169   2             UART_PutString(String);
 170   2          }     
 171   1          UARTSend(0x0A); 
 172   1          memset(Sensor_Data,0x00,5);
 173   1      }  
 174          
 175          /********************************************\
 176          |* 功能： 读传感器发送的单个字节          *|
 177          \********************************************/
 178          unsigned char Read_SensorData(void)
C51 COMPILER V9.59.0.0   DHT22                                                             02/03/2019 16:43:31 PAGE 4   

 179          {
 180   1          unsigned char i,cnt;
 181   1          unsigned char buffer,tmp;
 182   1          buffer = 0;
 183   1          for(i=0;i<8;i++)
 184   1          {
 185   2            cnt=0;
 186   2            while(!Sensor_SDA)  //检测上次低电平是否结束
 187   2            {
 188   3              if(++cnt >= 300)
 189   3               {
 190   4                break;
 191   4               }
 192   3            }
 193   2            //延时Min=26us Max50us 跳过数据"0" 的高电平  
 194   2            Delay30us();             //延时30us 
 195   2            //判断传感器发送数据位
 196   2            tmp =0;
 197   2            if(Sensor_SDA)   
 198   2            {
 199   3              tmp = 1;
 200   3            }  
 201   2            cnt =0;
 202   2            while(Sensor_SDA)   //等待高电平 结束
 203   2            {
 204   3                if(++cnt >= 200)
 205   3              {
 206   4                break;
 207   4              }
 208   3            }
 209   2            buffer <<=1;
 210   2            buffer |= tmp;  
 211   2          }
 212   1          return buffer;
 213   1      }
 214          
 215          /********************************************\
 216          |* 功能： 读传感器                       *|
 217          \********************************************/
 218          unsigned char Read_Sensor(void)
 219          {
 220   1          unsigned char i;
 221   1          //主机拉低500us
 222   1            Sensor_SDA = 0;
 223   1          Delay500us();       //延时500us
 224   1          //释放总线 延时(Min=20us Max=40us)
 225   1          Sensor_SDA = 1;   
 226   1          Delay30us();        //延时30us
 227   1          //主机设为输入 判断传感器响应信号 
 228   1          Sensor_SDA = 1; 
 229   1                
 230   1          Sensor_AnswerFlag = 0;  // 传感器响应标志   
 231   1      
 232   1          //判断从机是否有低电平响应信号 如不响应则跳出，响应则向下运行    
 233   1          if(Sensor_SDA ==0)
 234   1          {
 235   2             Sensor_AnswerFlag = 1;//收到起始信号
 236   2             Sys_CNT = 0;
 237   2             //判断从机是否发出 80us 的低电平响应信号是否结束  
 238   2             while((!Sensor_SDA))
 239   2             {
 240   3               if(++Sys_CNT>300) //防止进入死循环
C51 COMPILER V9.59.0.0   DHT22                                                             02/03/2019 16:43:31 PAGE 5   

 241   3             {
 242   4               Sensor_ErrorFlag = 1;
 243   4               return 0;
 244   4              } 
 245   3              }
 246   2              Sys_CNT = 0;
 247   2              //判断从机是否发出 80us 的高电平，如发出则进入数据接收状态
 248   2              while((Sensor_SDA))
 249   2              {
 250   3                 if(++Sys_CNT>300) //防止进入死循环
 251   3               {
 252   4                 Sensor_ErrorFlag = 1;
 253   4                 return 0;
 254   4               } 
 255   3              }      
 256   2              // 数据接收 传感器共发送40位数据 
 257   2              // 即5个字节 高位先送  5个字节分别为湿度高位 湿度低位 温度高位 温度低位 
             -校验和
 258   2              // 校验和为：湿度高位+湿度低位+温度高位+温度低位
 259   2            // 当温度为负时，参考该芯片的说明书查看具体的数据格式
 260   2              for(i=0;i<5;i++)
 261   2              {
 262   3                Sensor_Data[i] = Read_SensorData();
 263   3              }
 264   2            }
 265   1            else
 266   1            {
 267   2              Sensor_AnswerFlag = 0;    // 未收到传感器响应 
 268   2            }
 269   1            return 1;
 270   1      }
 271          
 272          void Beep_Alarm()
 273          {
 274   1          if((temprature/10) >= temp_limit)
 275   1             Beep = 0;
 276   1          else
 277   1             Beep = 1;
 278   1      }
 279          
 280          void Show()
 281          {
 282   1          LCD_Write_String(0,0,"Temp: ");
 283   1          LCD_Write_String(0,1,"Humidity: ");
 284   1          LCD_Write_Char(6,0,'0'+temprature/100%10);
 285   1          LCD_Write_Char(7,0,'0'+temprature/10%10);
 286   1          LCD_Write_Char(8,0,'.');
 287   1          LCD_Write_Char(9,0,'0'+temprature%10);
 288   1          
 289   1          LCD_Write_Char(10,1,'0'+humidity/100%10);
 290   1          LCD_Write_Char(11,1,'0'+humidity/10%10);
 291   1          LCD_Write_Char(12,1,'.');
 292   1          LCD_Write_Char(13,1,'0'+humidity%10);
 293   1      }
 294          


MODULE INFORMATION:   STATIC OVERLAYABLE
   CODE SIZE        =    945    ----
   CONSTANT SIZE    =     69    ----
   XDATA SIZE       =   ----    ----
   PDATA SIZE       =   ----    ----
C51 COMPILER V9.59.0.0   DHT22                                                             02/03/2019 16:43:31 PAGE 6   

   DATA SIZE        =     21      17
   IDATA SIZE       =   ----    ----
   BIT SIZE         =   ----    ----
END OF MODULE INFORMATION.


C51 COMPILATION COMPLETE.  0 WARNING(S),  0 ERROR(S)
