C51 COMPILER V9.59.0.0   MAIN                                                              02/03/2019 16:43:31 PAGE 1   


C51 COMPILER V9.59.0.0, COMPILATION OF MODULE MAIN
OBJECT MODULE PLACED IN .\Objects\main.obj
COMPILER INVOKED BY: D:\keil C51\C51\BIN\C51.EXE main.c OPTIMIZE(8,SPEED) BROWSE DEBUG OBJECTEXTEND PRINT(.\Listings\mai
                    -n.lst) TABS(2) OBJECT(.\Objects\main.obj)

line level    source

   1          #include <STC12C5A60S2.H>
   2          #include <DHT22.h>
   3          #include <button.h>
   4          
   5          extern  temp_limit;
   6          bit Flag;
   7          
   8          void Timer0_Init()
   9          { 
  10   1        AUXR &= 0x7F; 
  11   1        TMOD &= 0xF0;   
  12   1        TMOD |= 0x01;   
  13   1        TL0 = 0x00;   
  14   1        TH0 = 0x4C;   
  15   1        TF0 = 0;    
  16   1        TR0 = 1;
  17   1        EA = 1;
  18   1        ET0 = 1;
  19   1        TR0 = 1;  
  20   1      }
  21          
  22          void main()
  23          {
  24   1         Timer0_Init();
  25   1         InitUART();
  26   1         LCD_Init(); 
  27   1         LCD_Clear();                  
  28   1         DelayMs(255);    
  29   1         for(;;)
  30   1         {
  31   2           switch (Button_Value())
  32   2           {
  33   3            case 1:
  34   3              temp_limit++;
  35   3              break;
  36   3            case 2:
  37   3              temp_limit--;
  38   3              break;
  39   3            default:
  40   3              break;
  41   3           }
  42   2           if(Flag)
  43   2           {
  44   3             LCD_Write_Char(14,0,'0' + temp_limit/10);
  45   3             LCD_Write_Char(15,0,'0' + temp_limit%10);
  46   3           }
  47   2         }
  48   1      }
  49          void Timer0() interrupt 1
  50          {
  51   1        static unsigned int Count;
  52   1        TL0 = 0x00;   
  53   1        TH0 = 0x4C;
  54   1        if(++Count == 30)
C51 COMPILER V9.59.0.0   MAIN                                                              02/03/2019 16:43:31 PAGE 2   

  55   1        { 
  56   2           Flag = 1;
  57   2           Count = 0;
  58   2           Read_Sensor();
  59   2           UARTSend_Nbyte();
  60   2           Beep_Alarm();
  61   2           Show();
  62   2        }   
  63   1      
  64   1      }


MODULE INFORMATION:   STATIC OVERLAYABLE
   CODE SIZE        =    215    ----
   CONSTANT SIZE    =   ----    ----
   XDATA SIZE       =   ----    ----
   PDATA SIZE       =   ----    ----
   DATA SIZE        =      2    ----
   IDATA SIZE       =   ----    ----
   BIT SIZE         =      1    ----
END OF MODULE INFORMATION.


C51 COMPILATION COMPLETE.  0 WARNING(S),  0 ERROR(S)
