C51 COMPILER V9.60.0.0   MAIN                                                              02/02/2020 12:01:48 PAGE 1   


C51 COMPILER V9.60.0.0, COMPILATION OF MODULE MAIN
OBJECT MODULE PLACED IN main.OBJ
COMPILER INVOKED BY: D:\software install\Keil_C51\C51\BIN\C51.EXE main.c OPTIMIZE(8,SPEED) BROWSE DEBUG OBJECTEXTEND TAB
                    -S(2)

line level    source

   1          #include<reg51.h>
   2          #include "Inter_Key.h"
   3          #include "lcd.h"
   4          
   5          void main()
   6          {
   7   1        unsigned char Value=0;
   8   1        LcdInit();
   9   1        Show_String(0X82,"Inter_Keyboard");
  10   1         while(1)
  11   1          {
  12   2            Value = Keyboard();
  13   2            Show_Dec_Number(0xc5,Value);
  14   2          }
  15   1      
  16   1      }


MODULE INFORMATION:   STATIC OVERLAYABLE
   CODE SIZE        =     33    ----
   CONSTANT SIZE    =     15    ----
   XDATA SIZE       =   ----    ----
   PDATA SIZE       =   ----    ----
   DATA SIZE        =   ----       1
   IDATA SIZE       =   ----    ----
   BIT SIZE         =   ----    ----
END OF MODULE INFORMATION.


C51 COMPILATION COMPLETE.  0 WARNING(S),  0 ERROR(S)
