C51 COMPILER V9.56.0.0   AT89S52_CSB                                                       11/06/2017 17:56:48 PAGE 1   


C51 COMPILER V9.56.0.0, COMPILATION OF MODULE AT89S52_CSB
OBJECT MODULE PLACED IN AT89S52_CSB.OBJ
COMPILER INVOKED BY: C:\Keil_v5\C51\BIN\C51.EXE AT89S52_CSB.C ROM(COMPACT) OPTIMIZE(8,SPEED) BROWSE DEBUG OBJECTEXTEND T
                    -ABS(2)

line level    source

   1          #include <REGX51.H>       
   2          #include "lcd.h"
   3          #include "Sound_Wave.h"
   4          
   5          void main()         
   6          {
   7   1        TMOD = 0x11;
   8   1        TH1 = 0X3C;
   9   1        TH0 = 0XB0; 
  10   1        EA = 1;
  11   1        ET1 = 1;
  12   1        TR1 = 1;      
  13   1        LcdInit();
  14   1        for(;;);
  15   1      }
  16          


MODULE INFORMATION:   STATIC OVERLAYABLE
   CODE SIZE        =     20    ----
   CONSTANT SIZE    =   ----    ----
   XDATA SIZE       =   ----    ----
   PDATA SIZE       =   ----    ----
   DATA SIZE        =   ----    ----
   IDATA SIZE       =   ----    ----
   BIT SIZE         =   ----    ----
END OF MODULE INFORMATION.


C51 COMPILATION COMPLETE.  0 WARNING(S),  0 ERROR(S)
