C51 COMPILER V9.56.0.0   SOUND_WAVE                                                        11/06/2017 17:56:48 PAGE 1   


C51 COMPILER V9.56.0.0, COMPILATION OF MODULE SOUND_WAVE
OBJECT MODULE PLACED IN Sound_Wave.OBJ
COMPILER INVOKED BY: C:\Keil_v5\C51\BIN\C51.EXE Sound_Wave.c ROM(COMPACT) OPTIMIZE(8,SPEED) BROWSE DEBUG OBJECTEXTEND TA
                    -BS(2)

line level    source

   1          /***************************
   2          本程序实现了四路超声波测距
   3          如需使用本程序请注明转载之处
   4          ***************************/
   5          #include "Sound_Wave.h"
   6          const float csbc = 0.034;     //超声波速储存单元  
   7          /*******************************************************************************
   8          * 函数功能       : 后方超声波测距
   9          * 输    出       : 后方测试距离
  10          *******************************************************************************/  
  11          unsigned int csbcj_1()          
  12          {
  13   1        static unsigned int jsz,t,i;
  14   1        TH0=0x00;              
  15   1        TL0=0x00;              
  16   1        csbint_1=1;               
  17   1        csbout_1=1;
  18   1        Delay12us();
  19   1        csbout_1=0;
  20   1        Delay12us();
  21   1        csbout_1=1;               
  22   1        TR0=1;                     
  23   1        i=250;                  
  24   1        while(i--)             
  25   1        {
  26   2        }
  27   1        i=0;
  28   1        while(csbint_1)     
  29   1        {
  30   2          i++;
  31   2          if(i>=3300)           
  32   2          csbint_1=0;           
  33   2        }
  34   1        TR0=0;                 
  35   1        t=TH0;                 
  36   1        t=t*256+TL0;           
  37   1        csbint_1=1;               
  38   1        jsz=t*csbc;             
  39   1        jsz=jsz/2;              
  40   1        return jsz;
  41   1      }
  42          /*******************************************************************************
  43          * 函数功能       : 左方超声波测距
  44          * 输    出       : 左方测试距离
  45          *******************************************************************************/
  46          unsigned int csbcj_2()          
  47          {
  48   1        static unsigned int jsz,t,i;
  49   1        TH0=0x00;              
  50   1        TL0=0x00;              
  51   1        csbint_2=1;              
  52   1        csbout_2=1;
  53   1        Delay12us();
  54   1        csbout_2=0;
C51 COMPILER V9.56.0.0   SOUND_WAVE                                                        11/06/2017 17:56:48 PAGE 2   

  55   1        Delay12us();
  56   1        csbout_2=1;            
  57   1        TR0=1;                   
  58   1        i=250;              
  59   1        while(i--)          
  60   1        {
  61   2        }
  62   1        i=0;
  63   1        while(csbint_2)     
  64   1        {
  65   2          i++;
  66   2          if(i>=3300)           
  67   2          csbint_2=0;          
  68   2        }
  69   1        TR0=0;               
  70   1        t=TH0;                 
  71   1        t=t*256+TL0;           
  72   1        csbint_2=1;              
  73   1        jsz=t*csbc;           
  74   1        jsz=jsz/2;             
  75   1        return jsz;
  76   1      }
  77          /*******************************************************************************
  78          * 函数功能       : 右方超声波测距
  79          * 输    出       : 右方测试距离
  80          *******************************************************************************/  
  81          unsigned int csbcj_3()          
  82          {
  83   1        static unsigned int jsz,t,i;
  84   1        TH0=0x00;             
  85   1        TL0=0x00;               
  86   1        csbint_3=1;              
  87   1        csbout_3=1;
  88   1        Delay12us();
  89   1        csbout_3=0;
  90   1        Delay12us();
  91   1        csbout_3=1;              
  92   1        TR0=1;                       
  93   1        i=250;               
  94   1        while(i--)            
  95   1        {
  96   2        }
  97   1        i=0;
  98   1        while(csbint_3)     
  99   1        {
 100   2          i++;
 101   2          if(i>=3300)           
 102   2          csbint_3=0;         
 103   2        }
 104   1        TR0=0;                  
 105   1        t=TH0;               
 106   1        t=t*256+TL0;          
 107   1        csbint_3=1;             
 108   1        jsz=t*csbc;            
 109   1        jsz=jsz/2;             
 110   1        return jsz;
 111   1      }
 112          /*******************************************************************************
 113          * 函数功能       : 前方超声波测距
 114          * 输    出       : 前方测试距离
 115          *******************************************************************************/  
 116          unsigned int csbcj_4()          
C51 COMPILER V9.56.0.0   SOUND_WAVE                                                        11/06/2017 17:56:48 PAGE 3   

 117          {
 118   1        static unsigned int jsz,t,i;
 119   1        TH0=0x00;             
 120   1        TL0=0x00;              
 121   1        csbint_4=1;              
 122   1        csbout_4=1;
 123   1        Delay12us();
 124   1        csbout_4=0;
 125   1        Delay12us();
 126   1        csbout_4=1;               
 127   1        TR0=1;                     
 128   1        i=250;                  
 129   1        while(i--)            
 130   1        {
 131   2        }
 132   1        i=0;
 133   1        while(csbint_4)     
 134   1        {
 135   2          i++;
 136   2          if(i>=3300)             
 137   2          csbint_4=0;          
 138   2        }
 139   1        TR0=0;                  
 140   1        t=TH0;                  
 141   1        t=t*256+TL0;           
 142   1        csbint_4=1;              
 143   1        jsz=t*csbc;          
 144   1        jsz=jsz/2;             
 145   1        return jsz;
 146   1      }
 147          
 148          void Delay12us()         
 149          {
 150   1        unsigned char i;
 151   1        _nop_();
 152   1        _nop_();
 153   1        i = 33;
 154   1        while (--i);
 155   1      }
 156          /*******************************************************************************
 157          * 函数功能       : 定时器一中断处理函数
 158          *******************************************************************************/
 159          void Timer_1(void) interrupt 3
 160          {
 161   1        static unsigned int temp;
 162   1        Show_String(0x80,"F : ");
 163   1        Show_String(0x88,"B : ");
 164   1        Show_String(0xC0,"L : ");
 165   1        Show_String(0xC8,"R : ");
 166   1        TH1 = 0X3C;
 167   1        TH0 = 0XB0;
 168   1        temp = csbcj_1();
 169   1        Show_Dec_Number(0x8D,temp);
 170   1        temp = csbcj_2();
 171   1        Show_Dec_Number(0xc4,temp);
 172   1        temp = csbcj_3();
 173   1        Show_Dec_Number(0xcD,temp);
 174   1        temp = csbcj_4();
 175   1        Show_Dec_Number(0x84,temp);
 176   1      }


C51 COMPILER V9.56.0.0   SOUND_WAVE                                                        11/06/2017 17:56:48 PAGE 4   

MODULE INFORMATION:   STATIC OVERLAYABLE
   CODE SIZE        =    717    ----
   CONSTANT SIZE    =     20    ----
   XDATA SIZE       =   ----    ----
   PDATA SIZE       =   ----    ----
   DATA SIZE        =     30    ----
   IDATA SIZE       =   ----    ----
   BIT SIZE         =   ----    ----
END OF MODULE INFORMATION.


C51 COMPILATION COMPLETE.  0 WARNING(S),  0 ERROR(S)
