C51 COMPILER V9.60.0.0   DHT11                                                             03/12/2020 22:23:24 PAGE 1   


C51 COMPILER V9.60.0.0, COMPILATION OF MODULE DHT11
OBJECT MODULE PLACED IN dht11.OBJ
COMPILER INVOKED BY: D:\software install\Keil_C51\C51\BIN\C51.EXE dht11.c OPTIMIZE(8,SPEED) BROWSE DEBUG OBJECTEXTEND TA
                    -BS(2)

line level    source

   1          #include "dht11.h"
   2          
   3          void DHT11_delay_us(unsigned char n)
   4          {
   5   1          while(--n);
   6   1      }
   7          
   8          void DHT11_delay_ms(unsigned int z)
   9          {
  10   1         unsigned int i,j;
  11   1         for(i=z;i>0;i--)
  12   1            for(j=110;j>0;j--);
  13   1      }
  14          
  15          void DHT11_start()
  16          {
  17   1         Data=1;
  18   1         DHT11_delay_us(2);
  19   1         Data=0;
  20   1         DHT11_delay_ms(22);   //延时18ms以上
  21   1         Data=1;
  22   1         DHT11_delay_us(30);
  23   1      }
  24          
  25          unsigned char DHT11_rec_byte()      //接收一个字节
  26          {
  27   1         unsigned char i,dat=0;
  28   1        for(i=0;i<8;i++)    //从高到低依次接收8位数据
  29   1         {          
  30   2            while(!Data);   ////等待50us低电平过去
  31   2            DHT11_delay_us(8);     //延时60us，如果还为高则数据为1，否则为0 
  32   2            dat<<=1;           //移位使正确接收8位数据，数据为0时直接移位
  33   2            if(Data==1)    //数据为1时，使dat加1来接收数据1
  34   2               dat+=1;
  35   2            while(Data);  //等待数据线拉低    
  36   2          }  
  37   1          return dat;
  38   1      }
  39          
  40          unsigned char *DHT11_receive()      //接收40位的数据
  41          {
  42   1          unsigned char R_H,R_L,T_H,T_L,RH,RL,TH,TL,revise; 
  43   1          unsigned char result[2];
  44   1          DHT11_start();
  45   1          if(Data==0)
  46   1          {
  47   2              while(Data==0);   //等待拉高     
  48   2              DHT11_delay_us(40);  //拉高后延时80us
  49   2              R_H=DHT11_rec_byte();    //接收湿度高八位  
  50   2              R_L=DHT11_rec_byte();    //接收湿度低八位  
  51   2              T_H=DHT11_rec_byte();    //接收温度高八位  
  52   2              T_L=DHT11_rec_byte();    //接收温度低八位
  53   2              revise=DHT11_rec_byte(); //接收校正位
  54   2      
C51 COMPILER V9.60.0.0   DHT11                                                             03/12/2020 22:23:24 PAGE 2   

  55   2              DHT11_delay_us(25);    //结束
  56   2      
  57   2              if((R_H+R_L+T_H+T_L)==revise)      //校正
  58   2              {
  59   3                  RH=R_H; //湿度数据
  60   3                  RL=R_L;
  61   3                  TH=T_H; //温度数据
  62   3                  TL=T_L;
  63   3              } 
  64   2          }
  65   1          result[0] = R_H;
  66   1          result[1] = T_H;
  67   1          return result;
  68   1      }


MODULE INFORMATION:   STATIC OVERLAYABLE
   CODE SIZE        =    197    ----
   CONSTANT SIZE    =   ----    ----
   XDATA SIZE       =   ----    ----
   PDATA SIZE       =   ----    ----
   DATA SIZE        =   ----       8
   IDATA SIZE       =   ----    ----
   BIT SIZE         =   ----    ----
END OF MODULE INFORMATION.


C51 COMPILATION COMPLETE.  0 WARNING(S),  0 ERROR(S)
