C51 COMPILER V9.60.0.0   MAIN                                                              03/13/2020 11:39:29 PAGE 1   


C51 COMPILER V9.60.0.0, COMPILATION OF MODULE MAIN
OBJECT MODULE PLACED IN main.OBJ
COMPILER INVOKED BY: D:\software install\Keil_C51\C51\BIN\C51.EXE main.c OPTIMIZE(8,SPEED) BROWSE DEBUG OBJECTEXTEND TAB
                    -S(2)

line level    source

   1          #include <reg51.h>
   2          #include <intrins.h>
   3          #include "lcd.h"
   4          #include "ADC0832.h"
   5          
   6          /************按键定义变量**************/
   7          sbit key_1 = P2^0;
   8          sbit key_2 = P2^1;
   9          /**************************************/
  10          sbit speaker = P3^7;
  11          unsigned int Water_level;
  12          int limit = 1500;
  13          float value = 0;
  14          
  15          void main()
  16          {   
  17   1        IT0 = 1;                        
  18   1        EX0 = 1; 
  19   1        EA = 1;
  20   1        LcdInit();
  21   1        Show_String(0X80,"Value:"); 
  22   1        Show_String(0Xc0,"Limit:"); 
  23   1        Show_Dec_Number(0xc7,limit);
  24   1        while(1)
  25   1        { 
  26   2          Water_level = (unsigned int)(adc0832(0));
  27   2          value = Water_level/255.0*120.0*35.0;
  28   2          Show_Dec_Number(0x87,(unsigned int)value);
  29   2          Show_String(0X8b,"mg/m3");
  30   2          Show_Dec_Number(0xc7,limit);  
  31   2          if(value < limit)   
  32   2            speaker = 1;
  33   2          else
  34   2            speaker = 0;
  35   2        }
  36   1      }
  37          
  38          
  39          void exint0() interrupt 0         
  40          {
  41   1        if(!key_1)
  42   1        {
  43   2          limit+=100;
  44   2          if(limit > 4200)
  45   2            limit = 4200;
  46   2        }
  47   1        else if(!key_2)
  48   1        {
  49   2          limit-=100;
  50   2          if(limit < 0)
  51   2            limit = 16;
  52   2        }
  53   1      
  54   1      }
C51 COMPILER V9.60.0.0   MAIN                                                              03/13/2020 11:39:29 PAGE 2   

  55          
  56          
  57          


MODULE INFORMATION:   STATIC OVERLAYABLE
   CODE SIZE        =    220    ----
   CONSTANT SIZE    =     20    ----
   XDATA SIZE       =   ----    ----
   PDATA SIZE       =   ----    ----
   DATA SIZE        =      8    ----
   IDATA SIZE       =   ----    ----
   BIT SIZE         =   ----    ----
END OF MODULE INFORMATION.


C51 COMPILATION COMPLETE.  0 WARNING(S),  0 ERROR(S)
