C51 COMPILER V9.59.0.0   ADC0832                                                           05/17/2019 14:57:29 PAGE 1   


C51 COMPILER V9.59.0.0, COMPILATION OF MODULE ADC0832
OBJECT MODULE PLACED IN .\Objects\adc0832.obj
COMPILER INVOKED BY: D:\keil C51\C51\BIN\C51.EXE adc0832.c OPTIMIZE(8,SPEED) BROWSE DEBUG OBJECTEXTEND PRINT(.\Listings\
                    -adc0832.lst) TABS(2) OBJECT(.\Objects\adc0832.obj)

line level    source

   1          #include "adc0832.h"
   2          
   3          unsigned char Adc0832_Getvalue(unsigned char channel)
   4          {
   5   1        unsigned char i, test, adval, dat;
   6   1        adval=0x00;
   7   1        test=0x00;
   8   1        clk=0;
   9   1        dati=1;
  10   1        _nop_();
  11   1        cs=0;        
  12   1        _nop_();
  13   1        clk=1;
  14   1        _nop_();
  15   1        if(channel==0x00)
  16   1         { 
  17   2          clk=0;
  18   2          dati=1;
  19   2          _nop_();
  20   2          clk=1;
  21   2          _nop_();
  22   2          clk=0;                 
  23   2          dati=0;
  24   2          _nop_();
  25   2          clk=1;
  26   2          _nop_();
  27   2         }
  28   1        else 
  29   1         { 
  30   2           clk=0;
  31   2           dati=1;
  32   2           _nop_();             
  33   2           clk=1;
  34   2           _nop_();
  35   2           clk=1;
  36   2           _nop_();
  37   2           clk=0;
  38   2           dati=1;
  39   2           _nop_();
  40   2           clk=1;
  41   2           _nop_();
  42   2         }
  43   1         clk=0;
  44   1         dati=1;
  45   1         for(i=0;i<8;i++)
  46   1           {
  47   2              _nop_();
  48   2              adval<<=1;
  49   2              clk=1;
  50   2              _nop_();
  51   2              clk=0;
  52   2              if(dato) 
  53   2                adval|=0x01;  
  54   2              else 
C51 COMPILER V9.59.0.0   ADC0832                                                           05/17/2019 14:57:29 PAGE 2   

  55   2                adval|=0x00;        
  56   2           }
  57   1          for(i=0;i<8;i++)
  58   1          {
  59   2            test>>=1;
  60   2            if(dato) 
  61   2              test|=0x80;
  62   2            else 
  63   2              test|=0x00;               
  64   2            _nop_();
  65   2            clk=1;
  66   2            _nop_();
  67   2            clk=0;
  68   2          }
  69   1          if(adval==test)
  70   1            dat=test;
  71   1          _nop_();
  72   1          cs=1;
  73   1          dato=1;
  74   1          clk=1;
  75   1          return dat;
  76   1      }


MODULE INFORMATION:   STATIC OVERLAYABLE
   CODE SIZE        =    136    ----
   CONSTANT SIZE    =   ----    ----
   XDATA SIZE       =   ----    ----
   PDATA SIZE       =   ----    ----
   DATA SIZE        =   ----    ----
   IDATA SIZE       =   ----    ----
   BIT SIZE         =   ----    ----
END OF MODULE INFORMATION.


C51 COMPILATION COMPLETE.  0 WARNING(S),  0 ERROR(S)
