C51 COMPILER V9.56.0.0   MAIN                                                              10/10/2017 13:40:45 PAGE 1   


C51 COMPILER V9.56.0.0, COMPILATION OF MODULE MAIN
OBJECT MODULE PLACED IN main.OBJ
COMPILER INVOKED BY: C:\Keil_v5\C51\BIN\C51.EXE main.c OPTIMIZE(8,SPEED) BROWSE DEBUG OBJECTEXTEND TABS(2)

line level    source

   1          #include<reg51.h>
   2          #include"lcd.h"
   3          
   4          unsigned char code CDIS1[]={"Linux_:" };
   5          unsigned char code CDIS2[]={"Ubuntu_:"};
   6          /*******************************************************************************
   7          * 函数名         : main
   8          * 函数功能       : 主函数
   9          * 输入           : 无
  10          * 输出           : 无
  11          *******************************************************************************/
  12          void main()
  13          {
  14   1        LcdInit();
  15   1        Show_String(0x80,CDIS1);
  16   1        Show_String(0x80+0x40,CDIS2);
  17   1        while(1)
  18   1        {
  19   2        
  20   2        }
  21   1      }                  


MODULE INFORMATION:   STATIC OVERLAYABLE
   CODE SIZE        =     27    ----
   CONSTANT SIZE    =     17    ----
   XDATA SIZE       =   ----    ----
   PDATA SIZE       =   ----    ----
   DATA SIZE        =   ----    ----
   IDATA SIZE       =   ----    ----
   BIT SIZE         =   ----    ----
END OF MODULE INFORMATION.


C51 COMPILATION COMPLETE.  0 WARNING(S),  0 ERROR(S)
