C51 COMPILER V9.59.0.0   MAIN                                                              01/30/2019 18:24:31 PAGE 1   


C51 COMPILER V9.59.0.0, COMPILATION OF MODULE MAIN
OBJECT MODULE PLACED IN .\Objects\main.obj
COMPILER INVOKED BY: D:\keil C51\C51\BIN\C51.EXE main.c OPTIMIZE(8,SPEED) BROWSE DEBUG OBJECTEXTEND PRINT(.\Listings\mai
                    -n.lst) TABS(2) OBJECT(.\Objects\main.obj)

line level    source

   1          #include "uart.h"
   2          #include <string.h>
   3          
   4          #define Length 15
   5          unsigned char Sensor_Result[Length]={0};
   6          bit Sensor_Flag;
   7          
   8          void Delay1000ms()    //@11.0592MHz
   9          {
  10   1        unsigned char i, j, k;
  11   1      
  12   1        i = 43;
  13   1        j = 6;
  14   1        k = 203;
  15   1        do
  16   1        {
  17   2          do
  18   2          {
  19   3            while (--k);
  20   3          } while (--j);
  21   2        } while (--i);
  22   1      }
  23          
  24          void main()
  25          {
  26   1         int i;
  27   1         Uart1Init();
  28   1         Uart2Init();
  29   1         EA = 1;
  30   1         while(1)
  31   1         {
  32   2           
  33   2            UART2_SendData(0xa5);
  34   2            UART2_SendData(0x52);
  35   2            UART2_SendData(0xf7);
  36   2            Delay1000ms();
  37   2            if(Sensor_Flag && Sensor_Result[0] == 0x5A && Sensor_Result[1] == 0x5A)
  38   2            {
  39   3              Sensor_Flag = 0;
  40   3              UART1_SendData(0x11);
  41   3              for(i = 6; i < 10; i++)
  42   3                  UART1_SendData(Sensor_Result[i]);
  43   3            }
  44   2         }
  45   1      }
  46          
  47          /*******************************************************************************
  48          * 函数名 : Uart1 
  49          * 描述   : 串口1中断服务入口函数
  50          * 输入   : 
  51          * 输出   : 
  52          * 返回   : 
  53          * 注意   : 
  54          *******************************************************************************/
C51 COMPILER V9.59.0.0   MAIN                                                              01/30/2019 18:24:31 PAGE 2   

  55          void Uart1() interrupt 4
  56          {
  57   1          
  58   1          if (RI)
  59   1          {
  60   2              RI = 0;                 //清除RI位
  61   2          }
  62   1      
  63   1          if (TI)
  64   1          {
  65   2              TI = 0;                 //清除TI位
  66   2          }
  67   1      }
  68          
  69          /*******************************************************************************
  70          * 函数名 : Uart2
  71          * 描述   : 串口2中断服务入口函数
  72          * 输入   : 
  73          * 输出   : 
  74          * 返回   : 
  75          * 注意   : 
  76          *******************************************************************************/
  77          void Uart2() interrupt 8
  78          {
  79   1          static unsigned char First_Int = 0;
  80   1          IE2  &= ~0x01;   //关闭串口2中断
  81   1          if (S2CON & S2RI)
  82   1          {
  83   2            S2CON &= ~S2RI;         //清除S2RI位
  84   2            Sensor_Result[First_Int] = S2BUF;     //将接收到的字符串存到缓存中
  85   2            First_Int++;
  86   2            if(First_Int == Length)  //如果缓存满,将缓存指针指向缓存的首地址
  87   2            {
  88   3              First_Int = 0;
  89   3              Sensor_Flag = 1;
  90   3            }
  91   2          }
  92   1          if (S2CON & S2TI)
  93   1          {
  94   2            S2CON &= ~S2TI;         //清除S2TI位
  95   2          }
  96   1          IE2  |= 0x01;   //使能串口2中断
  97   1      }


MODULE INFORMATION:   STATIC OVERLAYABLE
   CODE SIZE        =    168    ----
   CONSTANT SIZE    =   ----    ----
   XDATA SIZE       =   ----    ----
   PDATA SIZE       =   ----    ----
   DATA SIZE        =     16       2
   IDATA SIZE       =   ----    ----
   BIT SIZE         =      1    ----
END OF MODULE INFORMATION.


C51 COMPILATION COMPLETE.  0 WARNING(S),  0 ERROR(S)
