C51 COMPILER V9.59.0.0   ADC0808                                                           05/16/2019 15:27:01 PAGE 1   


C51 COMPILER V9.59.0.0, COMPILATION OF MODULE ADC0808
OBJECT MODULE PLACED IN .\Objects\adc0808.obj
COMPILER INVOKED BY: D:\keil C51\C51\BIN\C51.EXE adc0808.c OPTIMIZE(8,SPEED) BROWSE DEBUG OBJECTEXTEND PRINT(.\Listings\
                    -adc0808.lst) TABS(2) OBJECT(.\Objects\adc0808.obj)

line level    source

   1          #include "adc0808.h"
   2          
   3          unsigned char ADC0808_Value(unsigned char addr0, unsigned char addr1, unsigned char addr2)
   4          {
   5   1        unsigned char getdata;
   6   1        Addr_0 = addr0;
   7   1        Addr_1 = addr1;
   8   1        Addr_2 = addr2;
   9   1        ST=0;
  10   1        OE=0;
  11   1        ST=1;
  12   1        ST=0;
  13   1        while(EOC==0);
  14   1        OE=1;
  15   1        getdata=P1;
  16   1        OE=0;
  17   1        return getdata;
  18   1      }


MODULE INFORMATION:   STATIC OVERLAYABLE
   CODE SIZE        =     33    ----
   CONSTANT SIZE    =   ----    ----
   XDATA SIZE       =   ----    ----
   PDATA SIZE       =   ----    ----
   DATA SIZE        =   ----    ----
   IDATA SIZE       =   ----    ----
   BIT SIZE         =   ----    ----
END OF MODULE INFORMATION.


C51 COMPILATION COMPLETE.  0 WARNING(S),  0 ERROR(S)
