C51 COMPILER V9.59.0.0   BUTTON                                                            05/16/2019 15:27:00 PAGE 1   


C51 COMPILER V9.59.0.0, COMPILATION OF MODULE BUTTON
OBJECT MODULE PLACED IN .\Objects\button.obj
COMPILER INVOKED BY: D:\keil C51\C51\BIN\C51.EXE button.c OPTIMIZE(8,SPEED) BROWSE DEBUG OBJECTEXTEND PRINT(.\Listings\b
                    -utton.lst) TABS(2) OBJECT(.\Objects\button.obj)

line level    source

   1          #include "button.h"
   2          #include "delay.h"
   3          
   4          uint8_t Button_Value(void)
   5          {
   6   1        static uint8_t key_up=1;//按键按松开标志    
   7   1        if(key_up && (KEY1 == 0))
   8   1        {
   9   2      //    Delay1ms(5);//去抖动 
  10   2          key_up=0;
  11   2          if(KEY1 == 0)
  12   2            return 1;
  13   2        }
  14   1        else if(KEY1 == 1)
  15   1          key_up=1;       
  16   1        return 0;// 无按键按下
  17   1      }
  18          


MODULE INFORMATION:   STATIC OVERLAYABLE
   CODE SIZE        =     25    ----
   CONSTANT SIZE    =   ----    ----
   XDATA SIZE       =   ----    ----
   PDATA SIZE       =   ----    ----
   DATA SIZE        =      1    ----
   IDATA SIZE       =   ----    ----
   BIT SIZE         =   ----    ----
END OF MODULE INFORMATION.


C51 COMPILATION COMPLETE.  0 WARNING(S),  0 ERROR(S)
