C51 COMPILER V9.59.0.0   MAIN                                                              05/16/2019 15:27:01 PAGE 1   


C51 COMPILER V9.59.0.0, COMPILATION OF MODULE MAIN
OBJECT MODULE PLACED IN .\Objects\main.obj
COMPILER INVOKED BY: D:\keil C51\C51\BIN\C51.EXE main.c OPTIMIZE(8,SPEED) BROWSE DEBUG OBJECTEXTEND PRINT(.\Listings\mai
                    -n.lst) TABS(2) OBJECT(.\Objects\main.obj)

line level    source

   1          #include <reg51.h>
   2          #include "button.h"
   3          #include "delay.h"
   4          #include "lcd.h"
   5          #include "adc0808.h"
   6          
   7          
   8          sbit Led = P3^7;
   9          unsigned char Key_Value = 0;    //按键值
  10          unsigned char Adc_Value = 0;    //ADC转换后的数字值
  11          float  Light_Value = 0;         //数字值转换后的光照值，单位lux
  12          unsigned char Mode_Flag = 1;    //室内和室外模式标志
  13          
  14          void main(void)
  15          {   
  16   1        IT0 = 1;                        //set INT0 int type (1:Falling 0:Low level)
  17   1        EX0 = 1;                        //enable INT0 interrupt
  18   1        EA = 1;                         //open global interrupt switch  
  19   1        LcdInit();
  20   1        Show_String(0x82,"Light System");
  21   1        while(1)
  22   1         {
  23   2            Adc_Value = ADC0808_Value(0, 0, 0);
  24   2            Light_Value = Adc_Value/218.0*15000.0;
  25   2            if((int)Light_Value == 68)
  26   2            {
  27   3              Show_Dec_Number(0Xc0,0);
  28   3              Show_String(0xc5,"lux");      
  29   3            }
  30   2            else
  31   2            {
  32   3              Show_Dec_Number(0Xc0,Light_Value);
  33   3              Show_String(0xc5,"lux");
  34   3            }
  35   2            if(Mode_Flag)
  36   2            {
  37   3              if(Light_Value <= 10000)
  38   3              {
  39   4                Led = 0;
  40   4              }
  41   3              else
  42   3              {
  43   4                Led = 1;
  44   4              }
  45   3              Show_String(0xc9,"outdoor");
  46   3            }
  47   2            else
  48   2            {
  49   3              if(Light_Value <= 300)
  50   3              {
  51   4                Led = 0;
  52   4              }
  53   3              else
  54   3              {
C51 COMPILER V9.59.0.0   MAIN                                                              05/16/2019 15:27:01 PAGE 2   

  55   4                Led = 1;
  56   4              } 
  57   3              Show_String(0xc9,"indoor ");
  58   3            }
  59   2         }
  60   1      }
  61          
  62          void exint0() interrupt 0           //(location at 0003H)
  63          {
  64   1          Mode_Flag = !Mode_Flag;
  65   1      }


MODULE INFORMATION:   STATIC OVERLAYABLE
   CODE SIZE        =    225    ----
   CONSTANT SIZE    =     33    ----
   XDATA SIZE       =   ----    ----
   PDATA SIZE       =   ----    ----
   DATA SIZE        =      7    ----
   IDATA SIZE       =   ----    ----
   BIT SIZE         =   ----    ----
END OF MODULE INFORMATION.


C51 COMPILATION COMPLETE.  0 WARNING(S),  0 ERROR(S)
