C51 COMPILER V9.56.0.0   MAIN                                                              11/04/2017 10:36:47 PAGE 1   


C51 COMPILER V9.56.0.0, COMPILATION OF MODULE MAIN
OBJECT MODULE PLACED IN main.OBJ
COMPILER INVOKED BY: C:\Keil_v5\C51\BIN\C51.EXE main.c OPTIMIZE(8,SPEED) BROWSE DEBUG OBJECTEXTEND TABS(2)

line level    source

   1          #include<reg51.h>
   2          #include<stdio.h>
   3          #include<intrins.h>
   4          #include "button.h"
   5          
   6          
   7          static char Pulse = 100;
   8          
   9          void main()
  10          { 
  11   1        unsigned char temp;
  12   1        P0 = 0;
  13   1        TMOD &= 0XF0;
  14   1        TMOD |= 0X02;
  15   1        TH0 = 0XA4;
  16   1        TL0 = 0XA4;
  17   1        EA = 1;
  18   1        ET0 = 1;
  19   1        TR0 = 1;
  20   1        while(1)
  21   1        {
  22   2          temp = Button_Value();
  23   2          switch (temp)
  24   2          {
  25   3            case 1:Pulse -=20;
  26   3                   if(Pulse < 0)
  27   3                      Pulse = 0;               
  28   3                      break;
  29   3            case 2:Pulse +=20;
  30   3                   if(Pulse > 100)
  31   3                      Pulse = 100;                 
  32   3                   break;
  33   3            default:
  34   3                   break;
  35   3          }
  36   2        }
  37   1      
  38   1      }
  39          
  40          void Timer_0(void) interrupt 1
  41          {
  42   1        static unsigned char Count = 0;
  43   1        static unsigned int i=0;
  44   1        static bit Flag,Addr;
  45   1      
  46   1        Count++;
  47   1        i++;
  48   1        if(i == 2000)
  49   1        {
  50   2          i = 0;
  51   2          Flag = 1;
  52   2        }
  53   1        if(Count > 100)
  54   1           Count = 0;
  55   1      
C51 COMPILER V9.56.0.0   MAIN                                                              11/04/2017 10:36:47 PAGE 2   

  56   1        if(Count <= Pulse)
  57   1          P0 = 0;
  58   1        else
  59   1          P0 = 0xff;
  60   1      
  61   1      
  62   1      }
*** WARNING C280 IN LINE 44 OF main.c: 'Addr': unreferenced local variable


MODULE INFORMATION:   STATIC OVERLAYABLE
   CODE SIZE        =    156    ----
   CONSTANT SIZE    =   ----    ----
   XDATA SIZE       =   ----    ----
   PDATA SIZE       =   ----    ----
   DATA SIZE        =      4    ----
   IDATA SIZE       =   ----    ----
   BIT SIZE         =      2    ----
END OF MODULE INFORMATION.


C51 COMPILATION COMPLETE.  1 WARNING(S),  0 ERROR(S)
