C51 COMPILER V9.60.0.0   UART                                                              02/02/2020 13:09:03 PAGE 1   


C51 COMPILER V9.60.0.0, COMPILATION OF MODULE UART
OBJECT MODULE PLACED IN .\Objects\uart.obj
COMPILER INVOKED BY: D:\software install\Keil_C51\C51\BIN\C51.EXE uart.c OPTIMIZE(8,SPEED) BROWSE DEBUG OBJECTEXTEND PRI
                    -NT(.\Listings\uart.lst) TABS(2) OBJECT(.\Objects\uart.obj)

line level    source

   1          #include "uart.h"
   2          
   3          void SerialInit(void)
   4          {
   5   1        TMOD &= 0X0F;
   6   1        TMOD |= 0X20;
   7   1        PCON = 0X00;
   8   1        SCON = 0X50;
   9   1        TH1 =  0XFD;
  10   1        TL1 =  0XFD;
  11   1        TR1 = 1;
  12   1        ES = 1;
  13   1      }
  14          
  15          void Timer1Init(void)   //10毫秒@11.0592MHz
  16          {
  17   1        TMOD &= 0xF0;   //设置定时器模式
  18   1        TMOD |= 0x01;   //设置定时器模式
  19   1        TL0 = 0x00;     //设置定时初值
  20   1        TH0 = 0xDC;     //设置定时初值
  21   1        TR0 = 1;        //定时器0开始计时
  22   1      }
  23          
  24          void SendByte(unsigned char temp)
  25          {
  26   1        SBUF = temp;
  27   1        while(!TI);
  28   1        TI = 0;
  29   1      }
  30          
  31          void SendBuff(unsigned char *temp, unsigned char length)
  32          {
  33   1        unsigned char i = 0;
  34   1        for(i = 0; i < length; i++)
  35   1        {
  36   2          SendByte(temp[i]);
  37   2        }
  38   1      }
  39          
  40          unsigned int factory_crc16( unsigned char *bufData, unsigned char buflen)
  41          
  42          {
  43   1        unsigned int TCPCRC = 0xffff;
  44   1        unsigned int POLYNOMIAL = 0xa001;
  45   1        unsigned char i, j;
  46   1        for (i = 0; i < buflen; i++)
  47   1        {
  48   2            TCPCRC ^= bufData[i];
  49   2            for (j = 0; j < 8; j++)
  50   2            {
  51   3                if ((TCPCRC & 0x0001) != 0)
  52   3      
  53   3                {
  54   4                    TCPCRC >>= 1;
C51 COMPILER V9.60.0.0   UART                                                              02/02/2020 13:09:03 PAGE 2   

  55   4                    TCPCRC ^= POLYNOMIAL;
  56   4                }
  57   3                else
  58   3                   TCPCRC >>= 1;
  59   3            }
  60   2        }
  61   1        return TCPCRC;
  62   1      }
  63          
  64          
  65          


MODULE INFORMATION:   STATIC OVERLAYABLE
   CODE SIZE        =    185    ----
   CONSTANT SIZE    =   ----    ----
   XDATA SIZE       =   ----    ----
   PDATA SIZE       =   ----    ----
   DATA SIZE        =   ----      11
   IDATA SIZE       =   ----    ----
   BIT SIZE         =   ----    ----
END OF MODULE INFORMATION.


C51 COMPILATION COMPLETE.  0 WARNING(S),  0 ERROR(S)
