C51 COMPILER V9.57.0.0   MAIN                                                              04/15/2018 15:31:36 PAGE 1   


C51 COMPILER V9.57.0.0, COMPILATION OF MODULE MAIN
OBJECT MODULE PLACED IN .\Objects\main.obj
COMPILER INVOKED BY: D:\mdk5\C51\BIN\C51.EXE main.c OPTIMIZE(8,SPEED) BROWSE DEBUG OBJECTEXTEND PRINT(.\Listings\main.ls
                    -t) TABS(2) OBJECT(.\Objects\main.obj)

line level    source

   1          #include <reg51.h>
   2          #include "button.h"
   3          #include "delay.h"
   4          #include "lcd.h"
   5          sbit Beep =    P2^0;
   6          sbit Delay_1 = P2^2;
   7          sbit Delay_2 = P2^3;
   8          bit  F_F = 0;
   9          char Flag = 0,Ge = 0,Shi = 0,Timer = 0;
  10          int Key_Value = 0,j;
  11          
  12          void main(void)
  13          {   
  14   1          TMOD = 0X01;
  15   1          TH0 = 0X3c;
  16   1          TL0 = 0Xb0;
  17   1          EA = 1;
  18   1          ET0 = 1;
  19   1          TR0 = 0;
  20   1          LcdInit();
  21   1          Show_String(0x80,"Time System :");
  22   1          Show_Dec_Number(0X8d,Shi);
  23   1          Show_Dec_Number(0X8e,Ge);
  24   1          while(1)
  25   1           {
  26   2             if(F_F)
  27   2             {
  28   3              F_F = 0;
  29   3              Shi = 0;
  30   3              Ge = 0;
  31   3              Show_Dec_Number(0X8d,Shi);
  32   3              Show_Dec_Number(0X8e,Ge);
  33   3              Delay_2 = 0; 
  34   3              for(j = 0;j < 4;j++)
  35   3               {
  36   4                Show_String(0xc0,"Time Finished!");
  37   4                Delay_1 = 0;
  38   4                Beep = 0;
  39   4                Delay1ms(500);         
  40   4                Show_String(0xc0,"              ");
  41   4                Beep = 1;
  42   4                 Delay_1 = 1;
  43   4                Delay1ms(500);  
  44   4               }       
  45   3             }
  46   2             Key_Value = Button_Value();
  47   2             switch (Key_Value)
  48   2             {
  49   3              case 1:
  50   3                Flag++;
  51   3                if(Flag == 3)
  52   3                   Flag = 1;
  53   3                break;
  54   3              case 2:
C51 COMPILER V9.57.0.0   MAIN                                                              04/15/2018 15:31:36 PAGE 2   

  55   3                if(Flag == 2)
  56   3                  {
  57   4                    Ge++;
  58   4                    if(Ge == 10)
  59   4                      Ge = 0;
  60   4                  }
  61   3                  else if(Flag == 1)
  62   3                    {
  63   4                      Shi++;
  64   4                      if(Shi == 10)
  65   4                         Shi = 0;
  66   4                    }
  67   3                          Show_Dec_Number(0X8d,Shi);
  68   3                      Show_Dec_Number(0X8e,Ge);
  69   3                break;
  70   3              case 3:
  71   3                if(Flag == 2)
  72   3                  {
  73   4                    Ge--;
  74   4                    if(Ge < 0)
  75   4                      Ge = 9;
  76   4                  }
  77   3                  else if(Flag == 1)
  78   3                    {
  79   4                      Shi--;
  80   4                      if(Shi < 0)
  81   4                         Shi = 9;
  82   4                    }
  83   3                     Show_Dec_Number(0X8d,Shi);
  84   3                     Show_Dec_Number(0X8e,Ge);
  85   3                break;
  86   3              case 4:
  87   3                Show_String(0xcd," ");
  88   3                Show_String(0xce," ");
  89   3                Flag = 0;
  90   3                TR0 = 1;
  91   3                Timer = 10*Shi + Ge;
  92   3                break;
  93   3              default:
  94   3                break;
  95   3             } 
  96   2            switch (Flag)
  97   2            {
  98   3              case 1:
  99   3                Show_String(0xcd,"-");
 100   3                Show_String(0xce," ");
 101   3                break;
 102   3              case 2:
 103   3                Show_String(0xcd," ");
 104   3                Show_String(0xce,"-");      
 105   3                break;
 106   3              default:
 107   3                break;
 108   3            }
 109   2           }
 110   1      }
 111          
 112          void Timer0(void) interrupt 1
 113          {
 114   1          static int i = 0;
 115   1          TH0 = 0X3c;
 116   1          TL0 = 0Xb0;
C51 COMPILER V9.57.0.0   MAIN                                                              04/15/2018 15:31:36 PAGE 3   

 117   1          i++;
 118   1          if(i == 18)
 119   1          {
 120   2            i = 0;
 121   2            Timer--;
 122   2            if(Timer < 10)
 123   2            {
 124   3              Show_Dec_Number(0x8d,0);
 125   3              Show_Dec_Number(0x8e,Timer);        
 126   3            }
 127   2            else
 128   2              Show_Dec_Number(0x8d,Timer);
 129   2            if(Timer == 0)
 130   2              {
 131   3                TR0 = 0;
 132   3                F_F = 1;
 133   3              }
 134   2          }
 135   1      }


MODULE INFORMATION:   STATIC OVERLAYABLE
   CODE SIZE        =    537    ----
   CONSTANT SIZE    =     48    ----
   XDATA SIZE       =   ----    ----
   PDATA SIZE       =   ----    ----
   DATA SIZE        =     10    ----
   IDATA SIZE       =   ----    ----
   BIT SIZE         =      1    ----
END OF MODULE INFORMATION.


C51 COMPILATION COMPLETE.  0 WARNING(S),  0 ERROR(S)
