C51 COMPILER V9.56.0.0   BUTTON                                                            10/16/2017 19:37:20 PAGE 1   


C51 COMPILER V9.56.0.0, COMPILATION OF MODULE BUTTON
OBJECT MODULE PLACED IN .\Objects\button.obj
COMPILER INVOKED BY: C:\Keil_v5\C51\BIN\C51.EXE button.c OPTIMIZE(8,SPEED) BROWSE DEBUG OBJECTEXTEND PRINT(.\Listings\bu
                    -tton.lst) TABS(2) OBJECT(.\Objects\button.obj)

line level    source

   1          #include "button.h"
   2          #include "delay.h"
   3          
   4          uint8_t Button_Value(void)
   5          {
   6   1        static uint8_t key_up=1;//按键按松开标志    
   7   1        if(key_up&&(KEY2==0||KEY3==0))
   8   1        {
   9   2          Delay1ms(10);//去抖动 
  10   2          key_up=0;
  11   2          if(KEY2==0)
  12   2            return 1;
  13   2          else if(KEY3==0)
  14   2            return 2;
  15   2        }
  16   1        else if
  17   1          (KEY2==1&&KEY3==1)key_up=1;       
  18   1        return 0;// 无按键按下
  19   1      }
  20          //uint8_t Button_Value(void)
  21          //{
  22          //  static bit backup = 1;
  23          //  static bit keybuf = 1;
  24          //  static uint8_t value=0;
  25          //  keybuf = KEY2;
  26          //  if (keybuf != backup) 
  27          // {
  28          //  Delay1ms(10);
  29          //   if (keybuf == KEY2) 
  30          //    {
  31          //    if (backup == 0)
  32          //      {
  33          //         return 1;
  34          //       
  35          //      }
  36          //     backup = keybuf; 
  37          //    }
  38          // }
  39          // return 0;
  40          //}


MODULE INFORMATION:   STATIC OVERLAYABLE
   CODE SIZE        =     44    ----
   CONSTANT SIZE    =   ----    ----
   XDATA SIZE       =   ----    ----
   PDATA SIZE       =   ----    ----
   DATA SIZE        =      1    ----
   IDATA SIZE       =   ----    ----
   BIT SIZE         =   ----    ----
END OF MODULE INFORMATION.


C51 COMPILATION COMPLETE.  0 WARNING(S),  0 ERROR(S)
