C51 COMPILER V9.59.0.0   DS1302                                                            05/20/2019 14:03:37 PAGE 1   


C51 COMPILER V9.59.0.0, COMPILATION OF MODULE DS1302
OBJECT MODULE PLACED IN .\Objects\ds1302.obj
COMPILER INVOKED BY: D:\keil C51\C51\BIN\C51.EXE ds1302.c OPTIMIZE(8,SPEED) BROWSE DEBUG OBJECTEXTEND PRINT(.\Listings\d
                    -s1302.lst) TABS(2) OBJECT(.\Objects\ds1302.obj)

line level    source

   1          #include "ds1302.h"
   2          
   3          /*****************************************************
   4          函数功能：延时若干微秒
   5          入口参数：n
   6          ***************************************************/ 
   7          void delaynus(unsigned char n)
   8          {
   9   1       unsigned char i;
  10   1       for(i=0;i<n;i++)
  11   1            ;
  12   1      }
  13          /*****************************************************
  14          函数功能：向1302写一个字节数据
  15          入口参数：x
  16          ***************************************************/ 
  17          void Write1302(unsigned char dat)
  18          {
  19   1        unsigned char i; 
  20   1        SCLK=0;            //拉低SCLK，为脉冲上升沿写入数据做好准备
  21   1        delaynus(2);       //稍微等待，使硬件做好准备
  22   1        for(i=0;i<8;i++)      //连续写8个二进制位数据
  23   1          {
  24   2            DATA=dat&0x01;    //取出dat的第0位数据写入1302
  25   2          delaynus(2);       //稍微等待，使硬件做好准备
  26   2           SCLK=1;           //上升沿写入数据
  27   2           delaynus(2);      //稍微等待，使硬件做好准备
  28   2           SCLK=0;           //重新拉低SCLK，形成脉冲
  29   2           dat>>=1;          //将dat的各数据位右移1位，准备写入下一个数据位
  30   2          }
  31   1        
  32   1       }
  33          /*****************************************************
  34          函数功能：根据命令字，向1302写一个字节数据
  35          入口参数：Cmd，储存命令字；dat，储存待写的数据
  36          ***************************************************/ 
  37          void WriteSet1302(unsigned char Cmd,unsigned char dat)
  38           {
  39   1         RST=0;           //禁止数据传递
  40   1         SCLK=0;          //确保写数居前SCLK被拉低
  41   1        RST=1;           //启动数据传输
  42   1        delaynus(2);     //稍微等待，使硬件做好准备
  43   1        Write1302(Cmd);  //写入命令字
  44   1        Write1302(dat);  //写数据
  45   1        SCLK=1;          //将时钟电平置于已知状态
  46   1        RST=0;           //禁止数据传递
  47   1       }
  48          /*****************************************************
  49          函数功能：从1302读一个字节数据
  50          入口参数：x
  51          ***************************************************/ 
  52           unsigned char Read1302(void)
  53           {
  54   1         unsigned char i,dat;
C51 COMPILER V9.59.0.0   DS1302                                                            05/20/2019 14:03:37 PAGE 2   

  55   1        delaynus(2);       //稍微等待，使硬件做好准备
  56   1        for(i=0;i<8;i++)   //连续读8个二进制位数据
  57   1         {
  58   2           dat>>=1;       //将dat的各数据位右移1位，因为先读出的是字节的最低位
  59   2          if(DATA==1)    //如果读出的数据是1
  60   2           dat|=0x80;    //将1取出，写在dat的最高位
  61   2           SCLK=1;       //将SCLK置于高电平，为下降沿读出
  62   2           delaynus(2);  //稍微等待
  63   2           SCLK=0;       //拉低SCLK，形成脉冲下降沿
  64   2           delaynus(2);  //稍微等待
  65   2          }  
  66   1        return dat;        //将读出的数据返回
  67   1      }  
  68          /*****************************************************
  69          函数功能：根据命令字，从1302读取一个字节数据
  70          入口参数：Cmd
  71          ***************************************************/ 
  72          unsigned char  ReadSet1302(unsigned char Cmd)
  73           {
  74   1        unsigned char dat;
  75   1        RST=0;                 //拉低RST
  76   1        SCLK=0;                //确保写数居前SCLK被拉低
  77   1        RST=1;                 //启动数据传输
  78   1        Write1302(Cmd);       //写入命令字
  79   1        dat=Read1302();       //读出数据
  80   1        SCLK=1;              //将时钟电平置于已知状态
  81   1        RST=0;               //禁止数据传递
  82   1        return dat;          //将读出的数据返回
  83   1      }
  84          
  85          //函数功能： 1302进行初始化设置
  86          
  87          void Init_DS1302(void)
  88          {
  89   1          WriteSet1302(0x8E,0x00);                 //根据写状态寄存器命令字，写入不保护指令 
  90   1      //  WriteSet1302(0x80,((0/10)<<4|(0%10)));   //根据写秒寄存器命令字，写入秒的初始值
  91   1      //  WriteSet1302(0x82,((4/10)<<4|(4%10)));   //根据写分寄存器命令字，写入分的初始值
  92   1      //  WriteSet1302(0x84,((12/10)<<4|(12%10))); //根据写小时寄存器命令字，写入小时的初始值
  93   1      //  WriteSet1302(0x86,((9/10)<<4|(9%10))); //根据写日寄存器命令字，写入日的初始值
  94   1      //  WriteSet1302(0x88,((10/10)<<4|(10%10))); //根据写月寄存器命令字，写入月的初始值
  95   1      //  WriteSet1302(0x8c,((13/10)<<4|(13%10)));   //根据年存器命令字，写入年的初始值
  96   1      }


MODULE INFORMATION:   STATIC OVERLAYABLE
   CODE SIZE        =    155    ----
   CONSTANT SIZE    =   ----    ----
   XDATA SIZE       =   ----    ----
   PDATA SIZE       =   ----    ----
   DATA SIZE        =   ----    ----
   IDATA SIZE       =   ----    ----
   BIT SIZE         =   ----    ----
END OF MODULE INFORMATION.


C51 COMPILATION COMPLETE.  0 WARNING(S),  0 ERROR(S)
