C51 COMPILER V9.59.0.0   LCD                                                               05/20/2019 14:03:37 PAGE 1   


C51 COMPILER V9.59.0.0, COMPILATION OF MODULE LCD
OBJECT MODULE PLACED IN .\Objects\lcd.obj
COMPILER INVOKED BY: D:\keil C51\C51\BIN\C51.EXE lcd.c OPTIMIZE(8,SPEED) BROWSE DEBUG OBJECTEXTEND PRINT(.\Listings\lcd.
                    -lst) TABS(2) OBJECT(.\Objects\lcd.obj)

line level    source

   1          #include "lcd.h"
   2          
   3          unsigned char code digit[10]={"0123456789"};   //定义字符数组显示数字
   4          
   5          /*******************************************************************************
   6          * 函 数 名         : Lcd1602_Delay1ms
   7          * 函数功能         : 延时函数，延时1ms
   8          * 输    入         : c
   9          * 输    出         : 无
  10          * 说    名         : 该函数是在12MHZ晶振下，12分频单片机的延时。
  11          *******************************************************************************/
  12          
  13          void Lcd1602_Delay1ms(uint c)   //误差 0us
  14          {
  15   1          uchar a,b;
  16   1        for (; c>0; c--)
  17   1        {
  18   2           for (b=199;b>0;b--)
  19   2           {
  20   3              for(a=1;a>0;a--);
  21   3           }      
  22   2        }
  23   1            
  24   1      }
  25          
  26          /*******************************************************************************
  27          * 函 数 名         : LcdWriteCom
  28          * 函数功能       : 向LCD写入一个字节的命令
  29          * 输    入         : com
  30          * 输    出         : 无
  31          *******************************************************************************/
  32          void LcdWriteCom(uchar com)   //写入命令
  33          {
  34   1        LCD1602_E = 0;     //使能
  35   1        LCD1602_RS = 0;    //选择发送命令
  36   1        LCD1602_RW = 0;    //选择写入
  37   1        
  38   1        LCD1602_DATAPINS = com;     //放入命令
  39   1        Lcd1602_Delay1ms(1);    //等待数据稳定
  40   1      
  41   1        LCD1602_E = 1;            //写入时序
  42   1        Lcd1602_Delay1ms(5);    //保持时间
  43   1        LCD1602_E = 0;
  44   1      }
  45          /*******************************************************************************
  46          * 函 数 名         : LcdWriteData
  47          * 函数功能       : 向LCD写入一个字节的数据
  48          * 输    入         : dat
  49          * 输    出         : 无
  50          *******************************************************************************/       
  51             
  52          void LcdWriteData(uchar dat)      //写入数据
  53          {
  54   1        LCD1602_E = 0;  //使能清零
C51 COMPILER V9.59.0.0   LCD                                                               05/20/2019 14:03:37 PAGE 2   

  55   1        LCD1602_RS = 1; //选择输入数据
  56   1        LCD1602_RW = 0; //选择写入
  57   1      
  58   1        LCD1602_DATAPINS = dat; //写入数据
  59   1        Lcd1602_Delay1ms(1);
  60   1      
  61   1        LCD1602_E = 1;   //写入时序
  62   1        Lcd1602_Delay1ms(5);   //保持时间
  63   1        LCD1602_E = 0;
  64   1      }
  65          
  66          /*******************************************************************************
  67          * 函 数 名       : LcdInit()
  68          * 函数功能     : 初始化LCD屏
  69          * 输    入       : 无
  70          * 输    出       : 无
  71          *******************************************************************************/       
  72          void LcdInit()              //LCD初始化子程序
  73          {
  74   1        LcdWriteCom(0x38);  //开显示
  75   1        LcdWriteCom(0x0c);  //开显示不显示光标
  76   1        LcdWriteCom(0x06);  //写一个指针加1
  77   1        LcdWriteCom(0x01);  //清屏
  78   1        LcdWriteCom(0x80);  //设置数据指针起点
  79   1      
  80   1      }
  81          /*******************************************************************************
  82          * 函 数 名       : Show_String(uchar addr,uchar *str)
  83          * 函数功能       : 显示字符串
  84          * 输    入       : 字符串
  85          * 输    出       : 无
  86          *******************************************************************************/
  87          void Show_String(uchar addr,uchar *str)
  88          {
  89   1         LcdWriteCom(addr);
  90   1         while(*str != '\0')
  91   1         {
  92   2           LcdWriteData(*str);  
  93   2           str++;
  94   2         }
  95   1      }
  96          /*******************************************************************************
  97          * 函 数 名       : Show_Dec_Number(uchar addr,uint temp)
  98          * 函数功能       : 显示一个十进制的数据
  99          * 输    入       : 十进制数据
 100          * 输    出       : 无
 101          *******************************************************************************/
 102          void Show_Dec_Number(uchar addr,uint temp)
 103          {
 104   1         LcdWriteCom(addr);
 105   1         if(temp >= 10000)
 106   1         {  
 107   2            LcdWriteData(temp/10000+0x30);
 108   2            LcdWriteData(temp%10000/1000+0x30); 
 109   2            LcdWriteData(temp%1000/100+0x30);
 110   2            LcdWriteData(temp%100/10+0x30);
 111   2            LcdWriteData(temp%10+0x30);    
 112   2         }
 113   1         else if((temp >= 1000) && (temp < 9999))
 114   1         {  
 115   2            LcdWriteData(temp/1000+0x30);
 116   2            LcdWriteData(temp%1000/100+0x30); 
C51 COMPILER V9.59.0.0   LCD                                                               05/20/2019 14:03:37 PAGE 3   

 117   2            LcdWriteData(temp%100/10+0x30);
 118   2            LcdWriteData(temp%10+0x30);
 119   2            LcdWriteData(' ');     
 120   2         }
 121   1         else if((temp >= 100) && (temp < 999))
 122   1         {  
 123   2            LcdWriteData(temp/100+0x30);
 124   2            LcdWriteData(temp%100/10+0x30); 
 125   2            LcdWriteData(temp%10+0x30);
 126   2            LcdWriteData(' ');
 127   2            LcdWriteData(' ');     
 128   2         }
 129   1         else if((temp >= 10) && (temp < 100))
 130   1         {  
 131   2            LcdWriteData(temp/10+0x30);
 132   2            LcdWriteData(temp%10+0x30); 
 133   2            LcdWriteData(' ');
 134   2            LcdWriteData(' ');
 135   2            LcdWriteData(' ');
 136   2         }
 137   1         else
 138   1         {
 139   2            LcdWriteData(temp+0x30);
 140   2      //      LcdWriteData(' ');
 141   2      //      LcdWriteData(' ');
 142   2      //      LcdWriteData(' ');
 143   2      //      LcdWriteData(' ');
 144   2         }
 145   1         
 146   1      }
 147          
 148          /**************************************************************
 149          以下是1302数据的显示程序
 150          **************************************************************/
 151          /*****************************************************
 152          函数功能：显示秒
 153          入口参数：x
 154          ***************************************************/ 
 155          void DisplaySecond(unsigned char x)
 156          {
 157   1       unsigned char i,j;     //j,k,l分别储存温度的百位、十位和个位
 158   1        i=x/10;//取十位
 159   1        j=x%10;//取个位     
 160   1        LcdWriteCom(0xc9);    //写显示地址,将在第2行第7列开始显示
 161   1        LcdWriteData(digit[i]);    //将百位数字的字符常量写入LCD
 162   1        LcdWriteData(digit[j]);    //将十位数字的字符常量写入LCD
 163   1        Lcd1602_Delay1ms(1);         //延时1ms给硬件一点反应时间    
 164   1       }
 165          
 166          /*****************************************************
 167          函数功能：显示分钟
 168          入口参数：x
 169          ***************************************************/ 
 170          void DisplayMinute(unsigned char x)
 171          {
 172   1       unsigned char i,j;     //j,k,l分别储存温度的百位、十位和个位
 173   1        i=x/10;//取十位
 174   1        j=x%10;//取个位     
 175   1        LcdWriteCom(0xc6);    //写显示地址,将在第2行第7列开始显示
 176   1        LcdWriteData(digit[i]);    //将百位数字的字符常量写入LCD
 177   1        LcdWriteData(digit[j]);    //将十位数字的字符常量写入LCD
 178   1        Lcd1602_Delay1ms(1);         //延时1ms给硬件一点反应时间    
C51 COMPILER V9.59.0.0   LCD                                                               05/20/2019 14:03:37 PAGE 4   

 179   1       }
 180          /*****************************************************
 181          函数功能：显示小时
 182          入口参数：x
 183          ***************************************************/ 
 184          void DisplayHour(unsigned char x)
 185          {
 186   1       unsigned char i,j;     //j,k,l分别储存温度的百位、十位和个位
 187   1        i=x/10;//取十位
 188   1        j=x%10;//取个位     
 189   1        LcdWriteCom(0xc3);    //写显示地址,将在第2行第7列开始显示
 190   1        LcdWriteData(digit[i]);    //将百位数字的字符常量写入LCD
 191   1        LcdWriteData(digit[j]);    //将十位数字的字符常量写入LCD
 192   1        Lcd1602_Delay1ms(1);         //延时1ms给硬件一点反应时间    
 193   1       }
 194           /*****************************************************
 195          函数功能：显示日
 196          入口参数：x
 197          ***************************************************/ 
 198          void DisplayDay(unsigned char x)
 199          {
 200   1       unsigned char i,j;     //j,k,l分别储存温度的百位、十位和个位
 201   1        i=x/10;//取十位
 202   1        j=x%10;//取个位     
 203   1        LcdWriteCom(0x8c);    //写显示地址,将在第2行第7列开始显示
 204   1        LcdWriteData(digit[i]);    //将百位数字的字符常量写入LCD
 205   1        LcdWriteData(digit[j]);    //将十位数字的字符常量写入LCD
 206   1        Lcd1602_Delay1ms(1);         //延时1ms给硬件一点反应时间    
 207   1       }
 208           /*****************************************************
 209          函数功能：显示月
 210          入口参数：x
 211          ***************************************************/ 
 212          void DisplayMonth(unsigned char x)
 213          {
 214   1       unsigned char i,j;     //j,k,l分别储存温度的百位、十位和个位
 215   1        i=x/10;//取十位
 216   1        j=x%10;//取个位     
 217   1        LcdWriteCom(0x89);    //写显示地址,将在第2行第7列开始显示
 218   1        LcdWriteData(digit[i]);    //将百位数字的字符常量写入LCD
 219   1        LcdWriteData(digit[j]);    //将十位数字的字符常量写入LCD
 220   1        Lcd1602_Delay1ms(1);         //延时1ms给硬件一点反应时间    
 221   1       }
 222          /*****************************************************
 223          函数功能：显示年
 224          入口参数：x
 225          ***************************************************/ 
 226          void DisplayYear(unsigned char x)
 227          {
 228   1       unsigned char i,j; 
 229   1        i=x/10;//取十位
 230   1        j=x%10;//取个位     
 231   1        LcdWriteCom(0x86);    //写显示地址,将在第2行第7列开始显示
 232   1        LcdWriteData(digit[i]);    //将百位数字的字符常量写入LCD
 233   1        LcdWriteData(digit[j]);    //将十位数字的字符常量写入LCD
 234   1        Lcd1602_Delay1ms(1);         //延时1ms给硬件一点反应时间    
 235   1       }


MODULE INFORMATION:   STATIC OVERLAYABLE
   CODE SIZE        =    664    ----
   CONSTANT SIZE    =     10    ----
C51 COMPILER V9.59.0.0   LCD                                                               05/20/2019 14:03:37 PAGE 5   

   XDATA SIZE       =   ----    ----
   PDATA SIZE       =   ----    ----
   DATA SIZE        =   ----    ----
   IDATA SIZE       =   ----    ----
   BIT SIZE         =   ----    ----
END OF MODULE INFORMATION.


C51 COMPILATION COMPLETE.  0 WARNING(S),  0 ERROR(S)
