C51 COMPILER V9.59.0.0   MAIN                                                              05/20/2019 14:03:37 PAGE 1   


C51 COMPILER V9.59.0.0, COMPILATION OF MODULE MAIN
OBJECT MODULE PLACED IN .\Objects\main.obj
COMPILER INVOKED BY: D:\keil C51\C51\BIN\C51.EXE main.c OPTIMIZE(8,SPEED) BROWSE DEBUG OBJECTEXTEND PRINT(.\Listings\mai
                    -n.lst) TABS(2) OBJECT(.\Objects\main.obj)

line level    source

   1          #include <reg51.h>
   2          #include "button.h"
   3          #include "lcd.h"
   4          #include "ds1302.h"
   5          
   6          sbit Led = P3^7;
   7          unsigned char Key_Value = 0;    //按键值
   8          unsigned char second,minute,hour,day,month,year;      //分别储存苗、分、小时，日，月，年  
   9          unsigned char ReadValue;   //储存从1302读取的数据
  10          void Timer0_Init(void);
  11          
  12          void main(void)
  13          {   
  14   1        LcdInit();
  15   1        Show_String(0x81,"Date:");
  16   1        LcdWriteCom(0x88);  //写年月分隔符的显示地址， 显示在第1行第9列
  17   1        LcdWriteData('-');      //将字符常量写入LCD
  18   1        LcdWriteCom(0x8b);  //写月日分隔符的显示地址， 显示在第1行第12列
  19   1        LcdWriteData('-');      //将字符常量写入LCD
  20   1        LcdWriteCom(0xc5);  //写小时与分钟分隔符的显示地址， 显示在第2行第6列
  21   1        LcdWriteData(':');      //将字符常量写入LCD
  22   1        LcdWriteCom(0xc8);      //写分钟与秒分隔符的显示地址， 显示在第2行第9列
  23   1        LcdWriteData(':');      //将字符常量写入LCD
  24   1        Init_DS1302();
  25   1        Timer0_Init();
  26   1        EA = 1;
  27   1        while(1)
  28   1         {
  29   2           if(KEY1 == 0)
  30   2           {
  31   3              if(KEY1 == 0)
  32   3              {
  33   4                while(!KEY1);
  34   4                TR0 = 0;
  35   4                LcdWriteCom(0xc9);
  36   4                LcdWriteCom(0x0f);          
  37   4              }
  38   3           }
  39   2           if(KEY2 == 0)
  40   2           {
  41   3              if(KEY2 == 0)
  42   3              {
  43   4                while(!KEY2);
  44   4                WriteSet1302(0x82,((4/10)<<4|(4%10)));  
  45   4                DisplayMinute(4);
  46   4                LcdWriteCom(0xc6);
  47   4              }
  48   3           }
  49   2           if(KEY3 == 0)
  50   2           {
  51   3              if(KEY3 == 0)
  52   3              {
  53   4                while(!KEY3);
  54   4                LcdWriteCom(0xce);
C51 COMPILER V9.59.0.0   MAIN                                                              05/20/2019 14:03:37 PAGE 2   

  55   4                LcdWriteData(3 + 0x30);         
  56   4              }
  57   3           }
  58   2           if(KEY4 == 0)
  59   2           {
  60   3              if(KEY4 == 0)
  61   3              {
  62   4                while(!KEY4);
  63   4                LcdWriteCom(0x0C);
  64   4                ReadValue = ReadSet1302(0x81);   //从秒寄存器读数据
  65   4                second=((ReadValue&0x70)>>4)*10 + (ReadValue&0x0F);//将读出数据转化
  66   4                DisplaySecond(second);          //显示秒
  67   4                TR0 = 1;
  68   4              }
  69   3           }
  70   2         }
  71   1      }
  72          
  73          void Timer0_Init(void)
  74          {
  75   1        TMOD &= 0XF0;
  76   1        TMOD |= 0X01;
  77   1        ET0 = 1;
  78   1        TR0 = 1;
  79   1        TH0 = 0X3C;
  80   1        TL0 = 0XB0;
  81   1      }
  82          
  83          void timer0(void) interrupt 1
  84          {
  85   1        static unsigned char i = 0;
  86   1        TH0 = 0X3C;
  87   1        TL0 = 0XB0;
  88   1        i++;
  89   1        if(i == 8)
  90   1        {
  91   2          i = 0;
  92   2          ReadValue = ReadSet1302(0x81);   //从秒寄存器读数据
  93   2          second=((ReadValue&0x70)>>4)*10 + (ReadValue&0x0F);//将读出数据转化
  94   2          DisplaySecond(second);          //显示秒
  95   2          ReadValue = ReadSet1302(0x83);  //从分寄存器读
  96   2          minute=((ReadValue&0x70)>>4)*10 + (ReadValue&0x0F); //将读出数据转化
  97   2          DisplayMinute(minute);         //显示分
  98   2          ReadValue = ReadSet1302(0x85);  //从分寄存器读
  99   2          hour=((ReadValue&0x70)>>4)*10 + (ReadValue&0x0F); //将读出数据转化
 100   2          DisplayHour(hour);               //显示小时
 101   2          ReadValue = ReadSet1302(0x87);  //从分寄存器读
 102   2          day=((ReadValue&0x70)>>4)*10 + (ReadValue&0x0F); //将读出数据转化
 103   2          DisplayDay(day);                //显示日
 104   2          ReadValue = ReadSet1302(0x89);  //从分寄存器读
 105   2          month=((ReadValue&0x70)>>4)*10 + (ReadValue&0x0F); //将读出数据转化
 106   2          DisplayMonth(month);            //显示月
 107   2          ReadValue = ReadSet1302(0x8d);  //从分寄存器读
 108   2          year=((ReadValue&0x70)>>4)*10 + (ReadValue&0x0F); //将读出数据转化
 109   2          DisplayYear(year);              //显示年    
 110   2        }
 111   1      }
 112          


MODULE INFORMATION:   STATIC OVERLAYABLE
   CODE SIZE        =    448    ----
C51 COMPILER V9.59.0.0   MAIN                                                              05/20/2019 14:03:37 PAGE 3   

   CONSTANT SIZE    =      6    ----
   XDATA SIZE       =   ----    ----
   PDATA SIZE       =   ----    ----
   DATA SIZE        =      9    ----
   IDATA SIZE       =   ----    ----
   BIT SIZE         =   ----    ----
END OF MODULE INFORMATION.


C51 COMPILATION COMPLETE.  0 WARNING(S),  0 ERROR(S)
