C51 COMPILER V9.56.0.0   MAIN                                                              11/10/2017 12:00:38 PAGE 1   


C51 COMPILER V9.56.0.0, COMPILATION OF MODULE MAIN
OBJECT MODULE PLACED IN ..\C\main.obj
COMPILER INVOKED BY: C:\Keil_v5\C51\BIN\C51.EXE main.c OPTIMIZE(8,SPEED) BROWSE DEBUG OBJECTEXTEND TABS(2) OBJECT(..\C\m
                    -ain.obj)

line level    source

   1          #include<reg51.h>
   2          #include<stdio.h>
   3          #include<intrins.h>
   4          #include "button.h"
   5          #include "delay.h"
   6          
   7          static char Pulse = 100;
   8          sbit Motor = P3^0;
   9          static unsigned char count;
  10            
  11          void main()
  12          { 
  13   1        unsigned char temp;
  14   1        Motor = 0;
  15   1        TMOD &= 0XF0;
  16   1        TMOD |= 0X02;
  17   1      //  TMOD &= 0X0F;
  18   1      //  TMOD |= 0X10;
  19   1        TH0 = 0X48;               //定时周期200us
  20   1        TL0 = 0X48;               //定时周期200us
  21   1      //  TH1 = 0X3C;
  22   1      //  TL1 = 0XB0;
  23   1        EA = 1;
  24   1        ET0 = 1;
  25   1        TR0 = 1;
  26   1      //  ET1 = 1;
  27   1      //  TR1 = 0;
  28   1        while(1)
  29   1        {
  30   2          temp = Button_Value();
  31   2          switch (temp)
  32   2          {
  33   3            case 1:Pulse -=20;
  34   3                   if(Pulse < 0)
  35   3                      Pulse = 0;
  36   3      //                TR1 = 1;
  37   3      //                TR0 = 1;
  38   3                      break;
  39   3            case 2:Pulse +=20;
  40   3                   if(Pulse > 100)
  41   3                      Pulse = 100;                 
  42   3                   break;
  43   3            default:
  44   3                   break;
  45   3          }
  46   2        }
  47   1      
  48   1      }
  49          
  50          void Timer_0(void) interrupt 1
  51          {
  52   1        static unsigned char Count = 0;
  53   1        static unsigned int i=0;
  54   1        static bit Flag;
C51 COMPILER V9.56.0.0   MAIN                                                              11/10/2017 12:00:38 PAGE 2   

  55   1        Count++;
  56   1        i++;
  57   1        if(i == 2000)
  58   1        {
  59   2          i = 0;
  60   2          Flag = 1;
  61   2        }
  62   1        if(Count > 100)
  63   1           Count = 0;
  64   1      
  65   1        if(Count <= 10)
  66   1          Motor  = 1;
  67   1        else
  68   1          Motor  = 0;
  69   1      }
  70          //void Timer_1(void) interrupt 3
  71          //{
  72          
  73          //  TH1 = 0X3C;
  74          //  TL1 = 0XB0;
  75          //  count++;
  76          //  if(count == 40)
  77          //  {
  78          //      TR1 = 0;
  79          //      TR0 = 0;
  80          //    count = 0;
  81          //    Motor  = 0;
  82          //  }
  83          
  84          //}


MODULE INFORMATION:   STATIC OVERLAYABLE
   CODE SIZE        =    125    ----
   CONSTANT SIZE    =   ----    ----
   XDATA SIZE       =   ----    ----
   PDATA SIZE       =   ----    ----
   DATA SIZE        =      5    ----
   IDATA SIZE       =   ----    ----
   BIT SIZE         =      1    ----
END OF MODULE INFORMATION.


C51 COMPILATION COMPLETE.  0 WARNING(S),  0 ERROR(S)
