C51 COMPILER V9.59.0.0   BUTTON                                                            02/17/2019 22:14:05 PAGE 1   


C51 COMPILER V9.59.0.0, COMPILATION OF MODULE BUTTON
OBJECT MODULE PLACED IN button.OBJ
COMPILER INVOKED BY: D:\keil C51\C51\BIN\C51.EXE button.c OPTIMIZE(8,SPEED) BROWSE DEBUG OBJECTEXTEND TABS(2)

line level    source

   1          #include "button.h"
   2          #include "delay.h"
   3          
   4          uint8_t Button_Value(void)
   5          {
   6   1        static uint8_t key_up=1;  
   7   1        if(key_up&&((KEY2==0)||(KEY3==0)||(KEY4==0)||(KEY5==0)))
   8   1        {
   9   2          Delay1ms(2);
  10   2          key_up=0;
  11   2          if(KEY2==0)
  12   2            return 1;
  13   2          else if(KEY3==0)
  14   2            return 2;
  15   2          else if(KEY4==0)
  16   2            return 3;
  17   2          else if(KEY5==0)
  18   2            return 4;
  19   2        }
  20   1        else if((KEY2==1)&&(KEY3==1)&&(KEY4==1)&&(KEY5==1))
  21   1              key_up=1;       
  22   1        return 0;
  23   1      }


MODULE INFORMATION:   STATIC OVERLAYABLE
   CODE SIZE        =     68    ----
   CONSTANT SIZE    =   ----    ----
   XDATA SIZE       =   ----    ----
   PDATA SIZE       =   ----    ----
   DATA SIZE        =      1    ----
   IDATA SIZE       =   ----    ----
   BIT SIZE         =   ----    ----
END OF MODULE INFORMATION.


C51 COMPILATION COMPLETE.  0 WARNING(S),  0 ERROR(S)
