C51 COMPILER V9.56.0.0   MAIN                                                              11/06/2017 18:22:29 PAGE 1   


C51 COMPILER V9.56.0.0, COMPILATION OF MODULE MAIN
OBJECT MODULE PLACED IN .\Objects\main.obj
COMPILER INVOKED BY: C:\Keil_v5\C51\BIN\C51.EXE main.c OPTIMIZE(8,SPEED) BROWSE DEBUG OBJECTEXTEND PRINT(.\Listings\main
                    -.lst) TABS(2) OBJECT(.\Objects\main.obj)

line level    source

   1          #include<reg51.h>
   2          #include "Fall.h"
   3          #include "lcd.h"
   4          
   5          unsigned int Count = 0;
   6          
   7          void main()
   8          {  
   9   1         Fall_Interrupt_Init();
  10   1         LcdInit();
  11   1         while(1)
  12   1         {
  13   2          Show_Dec_Number(0xc0,Count);
  14   2         }
  15   1      
  16   1      }
  17          
  18          void Fall_Iterrupt_0(void) interrupt 0
  19          {
  20   1        Count++;
  21   1      }


MODULE INFORMATION:   STATIC OVERLAYABLE
   CODE SIZE        =     30    ----
   CONSTANT SIZE    =   ----    ----
   XDATA SIZE       =   ----    ----
   PDATA SIZE       =   ----    ----
   DATA SIZE        =      2    ----
   IDATA SIZE       =   ----    ----
   BIT SIZE         =   ----    ----
END OF MODULE INFORMATION.


C51 COMPILATION COMPLETE.  0 WARNING(S),  0 ERROR(S)
