C51 COMPILER V9.60.0.0   MAIN                                                              02/14/2020 22:21:01 PAGE 1   


C51 COMPILER V9.60.0.0, COMPILATION OF MODULE MAIN
OBJECT MODULE PLACED IN main.OBJ
COMPILER INVOKED BY: D:\software install\Keil_C51\C51\BIN\C51.EXE main.c OPTIMIZE(8,SPEED) BROWSE DEBUG OBJECTEXTEND TAB
                    -S(2)

line level    source

   1          #include <reg51.h>
   2          #include <intrins.h>
   3          #include "delay.h"
   4          #include "button.h"
   5          #include "lcd.h"
   6          #include "ADC0832.h"
   7          
   8          sbit Motor_A  =  P1^5;
   9          sbit Motor_B  =  P1^6;
  10          sbit Motor_EN =  P1^7;
  11          
  12          
  13          static int Pulse = 100;
  14          float V;
  15          unsigned char A;
  16          
  17          void main()
  18          { 
  19   1        unsigned char temp;
  20   1        
  21   1        Motor_A = 1;
  22   1        Motor_B = 0;
  23   1        Motor_EN = 0;
  24   1        TMOD = 0X02;
  25   1        TH0 = 0X74;
  26   1        TL0 = 0X74;
  27   1        EA = 1;
  28   1        ET0 = 0;
  29   1        TR0 = 0;                   
  30   1        LcdInit();  
  31   1        Show_String(0xc0,"Current: ");
  32   1        Show_String(0x80,"Voltage: ");
  33   1        Show_String(0x8e,"mV");
  34   1        Show_String(0xCE,"mA");
  35   1        while(1)
  36   1        {
  37   2          Show_Dec_Number(0X8a,(unsigned int)(((adc0832(0) - 1)/51.0)*1000.0));   
  38   2          //V = (((float)adc0832(1) - 1)/255)*5.0;
  39   2          V = ((float)adc0832(1)/255)*5.0;
  40   2          A = V * 20;
  41   2          Show_Dec_Number(0XCa,A);
  42   2          temp = Button_Value();
  43   2          switch (temp)
  44   2          {
  45   3            case 1:
  46   3              ET0 = 1;
  47   3              TR0 = 1;
  48   3              break;
  49   3            case 2:
  50   3              Pulse = Pulse - 25;
  51   3              if(Pulse <= 0)
  52   3                Pulse = 0;
  53   3              break;
  54   3            case 3:
C51 COMPILER V9.60.0.0   MAIN                                                              02/14/2020 22:21:01 PAGE 2   

  55   3              Pulse = Pulse + 25;
  56   3              if(Pulse >= 100)
  57   3                Pulse = 100;
  58   3              break;
  59   3            case 4:
  60   3              ET0 = 0;
  61   3              TR0 = 0;
  62   3              Motor_A = 1;
  63   3              Motor_B = 1;
  64   3              break;
  65   3            default:
  66   3              break;
  67   3      
  68   3          }
  69   2          
  70   2          
  71   2        }
  72   1      }
  73          
  74          void Timer_0(void) interrupt 1
  75          {
  76   1        static unsigned char Count = 0;
  77   1        Count++;
  78   1        if(Count > 100)
  79   1           Count = 0;
  80   1        if(Count <= Pulse)
  81   1          Motor_EN = 0;
  82   1        else
  83   1          Motor_EN = 1;
  84   1      }
  85          
  86          


MODULE INFORMATION:   STATIC OVERLAYABLE
   CODE SIZE        =    351    ----
   CONSTANT SIZE    =     26    ----
   XDATA SIZE       =   ----    ----
   PDATA SIZE       =   ----    ----
   DATA SIZE        =      8    ----
   IDATA SIZE       =   ----    ----
   BIT SIZE         =   ----    ----
END OF MODULE INFORMATION.


C51 COMPILATION COMPLETE.  0 WARNING(S),  0 ERROR(S)
