C51 COMPILER V9.57.0.0   MAIN                                                              11/13/2018 14:55:13 PAGE 1   


C51 COMPILER V9.57.0.0, COMPILATION OF MODULE MAIN
OBJECT MODULE PLACED IN .\Objects\main.obj
COMPILER INVOKED BY: D:\mdk\C51\BIN\C51.EXE main.c OPTIMIZE(8,SPEED) BROWSE DEBUG OBJECTEXTEND PRINT(.\Listings\main.lst
                    -) TABS(2) OBJECT(.\Objects\main.obj)

line level    source

   1          #include<reg51.h>
   2          #include<stdio.h>
   3          #include "iic.h"
   4          #include "lcd.h"
   5          #include "button.h"
   6          #include "uart.h"
   7          
   8          extern uchar ChipAdress;                         //声明外部IIC器件地址
   9          
  10          void main()
  11          {
  12   1         uchar uVal[4]={0x2,251,0x6,127},tVal[4]={0};
  13   1         uchar b,Key_Value;
  14   1         Uart_Init();
  15   1         LcdInit(); 
  16   1         Show_String(0x80,"IIC_Text");
  17   1         ChipAdress = 0xA0;
  18   1         E2Write(uVal, 0x00,2);
  19   1         while(1)
  20   1         {
  21   2             ChipAdress = 0x90;
  22   2             E2Read(&b, 0x40, 1);
  23   2             Show_Voltage(0xc4,b);
  24   2             Lcd1602_Delay1ms(5);
  25   2             ChipAdress = 0xA0;
  26   2             E2Read(tVal, 0x00, 2);
  27   2             TI=1;
  28   2             printf("%d %d \n",(uint)tVal[0],(uint)tVal[1]);
  29   2             while(!TI);
  30   2             TI=0;
  31   2             Key_Value = Button_Value();
  32   2             switch (Key_Value)
  33   2             {
  34   3              case 1: uVal[0]++;E2Write(uVal, 0x00,2);break;
  35   3              case 2: uVal[1]--;E2Write(uVal, 0x00,2);break;
  36   3              default:break;
  37   3             }
  38   2         }
  39   1      }
  40          
  41          


MODULE INFORMATION:   STATIC OVERLAYABLE
   CODE SIZE        =    183    ----
   CONSTANT SIZE    =     25    ----
   XDATA SIZE       =   ----    ----
   PDATA SIZE       =   ----    ----
   DATA SIZE        =   ----       9
   IDATA SIZE       =   ----    ----
   BIT SIZE         =   ----    ----
END OF MODULE INFORMATION.


C51 COMPILATION COMPLETE.  0 WARNING(S),  0 ERROR(S)
