C51 COMPILER V9.54   TP100____AD____                                                       12/31/2018 12:30:41 PAGE 1   


C51 COMPILER V9.54, COMPILATION OF MODULE TP100____AD____
OBJECT MODULE PLACED IN .\Objects\TP100测温AD显示.obj
COMPILER INVOKED BY: C:\Keil_v5\C51\BIN\C51.EXE TP100测温AD显示.c OPTIMIZE(8,SPEED) BROWSE DEBUG OBJECTEXTEND PRINT(.\Li
                    -stings\TP100测温AD显示.lst) OBJECT(.\Objects\TP100测温AD显示.obj)

line level    source

   1          
   2          #include  <reg51.h>     //头文件
   3          #include<math.h>
   4          #define uchar unsigned char                                                                                        //宏定义
   5          #define uint unsigned int
   6          sbit STAR=P2^4;
   7          sbit EOC=P2^6;
   8          sbit CLOCK=P2^5;
   9          sbit OE=P2^7;
  10          sbit P20=P2^0;
  11          sbit P21=P2^1;
  12          sbit P22=P2^2;
  13          sbit P23=P2^3;
  14          uchar getdata;
  15          double change;
  16          long int temp;  
  17          uchar code table1[]={0x3F,0x06,0x5B,0x4F,0x66,0x6D,0x7D,0x07,0x7F,
  18                                                          0x6F,0x40};//0-9,-,无小数点
  19          uchar code table2[]={0xbF,0x86,0xdB,0xcF,0xe6,0xeD,0xfD,0x87,0x7fF,
  20                                                          0xeF};//0-9,小数点
  21          uchar dispbuf[6];
  22          
  23          /****************************************************************************************/
  24          //延时函数：带有入口参数m，代表ms毫秒
  25          //
  26          /****************************************************************************************/
  27          void delay_ms(uchar m)
  28          {
  29   1              unsigned int i,j;
  30   1              for(i=0;i<m;i++)
  31   1              {
  32   2                      for(j=0;j<123;j++)
  33   2                      {;}
  34   2              }
  35   1      }
  36          /****************************************************************************************/
  37          //
  38          //数码管显示程序
  39          /****************************************************************************************/
  40          void display()
  41          {
  42   1              P0=table1[dispbuf[3]];//显示百位
  43   1              P20=0;
  44   1              P21=1;
  45   1              P22=1;
  46   1              P23=1;
  47   1      
  48   1              delay_ms(8);
  49   1              P0=0X00;
  50   1              P0=table1[dispbuf[2]];//显示十位
  51   1              P20=1;
  52   1              P21=0;
  53   1              P22=1;
  54   1              P23=1;
C51 COMPILER V9.54   TP100____AD____                                                       12/31/2018 12:30:41 PAGE 2   

  55   1              delay_ms(8);
  56   1              P0=0X00;
  57   1              P0=table2[dispbuf[1]];//显示个位
  58   1              P20=1;
  59   1              P21=1;
  60   1              P22=0;
  61   1              P23=1;
  62   1              delay_ms(8);
  63   1              P0=0X00;
  64   1              P0=table1[dispbuf[0]];//显示小数位
  65   1              P20=1;
  66   1              P21=1;
  67   1              P22=1;
  68   1              P23=0;
  69   1              delay_ms(8);
  70   1              P0=0X00;
  71   1      }
  72          /****************************************************************************************/
  73          //
  74          //计算温度
  75          /****************************************************************************************/
  76          void PT100()
  77          {
  78   1       double deal,U;// 
  79   1              U=5.0/255.0*getdata;
  80   1              deal=U*20*10;
  81   1              temp=(long int)deal;
  82   1              if(U<5.2&&U>0)
  83   1              {    
  84   2          dispbuf[0]=temp%10;
  85   2                      dispbuf[1]=temp/10%10;
  86   2                      dispbuf[2]=temp/100%10;
  87   2                      dispbuf[3]=temp/1000;   
  88   2              }
  89   1              else
  90   1       {
  91   2                dispbuf[0]=0;
  92   2                      dispbuf[1]=0;
  93   2                      dispbuf[2]=0;
  94   2                      dispbuf[3]=0;   
  95   2               
  96   2        }
  97   1                      
  98   1      display();
  99   1      }
 100          
 101          /****************************************************************************************/
 102          //
 103          //
 104          /****************************************************************************************/
 105          main()
 106          {
 107   1              TMOD = 0x10;                                    //定时器0，工作在定时器方式
 108   1              TH1     = (65536-200)/256;              //0x3c
 109   1              TL1 = (65536-200)%256;          //0xb0
 110   1              EA = 1;                                                 //开总中断
 111   1              ET1 = 1;                                                //打开（允许）定时器1中断
 112   1              TR1 =1;                                                 //开始(启动)定时
 113   1        while(1)
 114   1              {
 115   2                STAR=0;
 116   2                      OE=0;
C51 COMPILER V9.54   TP100____AD____                                                       12/31/2018 12:30:41 PAGE 3   

 117   2                      STAR=1;
 118   2                      STAR=0;
 119   2                      while(EOC==0)
 120   2                      {
 121   3                        OE=1;
 122   3                              delay_ms(10);
 123   3                              getdata=P1;
 124   3                              OE=0;
 125   3                              PT100();                        
 126   3                      }
 127   2              }
 128   1      }
 129          /****************************************************************************************/
 130          //
 131          //
 132          /****************************************************************************************/
 133          void t1(void) interrupt 3       using 0 //0:int0 1: t0 2: int1 3:t1 4:串行口
 134          {
 135   1              TH1     = (65536-200)/256;              //0x3c
 136   1              TL1 = (65536-200)%256;          //0xb0
 137   1              CLOCK=~CLOCK;//给ADC0808一个时钟脉冲（0.2ms)            
 138   1      }


MODULE INFORMATION:   STATIC OVERLAYABLE
   CODE SIZE        =    381    ----
   CONSTANT SIZE    =     21    ----
   XDATA SIZE       =   ----    ----
   PDATA SIZE       =   ----    ----
   DATA SIZE        =     15       4
   IDATA SIZE       =   ----    ----
   BIT SIZE         =   ----    ----
END OF MODULE INFORMATION.


C51 COMPILATION COMPLETE.  0 WARNING(S),  0 ERROR(S)
